[    0.000000] Initializing cgroup subsys cpuset
[    0.000000] Initializing cgroup subsys cpu
[    0.000000] Initializing cgroup subsys cpuacct
[    0.000000] Linux version 4.4.0-210-generic (buildd@lgw01-amd64-009) (gcc version 5.4.0 20160609 (Ubuntu 5.4.0-6ubuntu1~16.04.12) ) #242-Ubuntu SMP Fri Apr 16 09:57:56 UTC 2021 (Ubuntu 4.4.0-210.242-generic 4.4.262)
[    0.000000] Command line: BOOT_IMAGE=/boot/vmlinuz-4.4.0-210-generic root=LABEL=cloudimg-rootfs ro console=tty1 console=ttyS0
[    0.000000] KERNEL supported cpus:
[    0.000000]   Intel GenuineIntel
[    0.000000]   AMD AuthenticAMD
[    0.000000]   Centaur CentaurHauls
[    0.000000] x86/fpu: xstate_offset[2]:  576, xstate_sizes[2]:  256
[    0.000000] x86/fpu: Supporting XSAVE feature 0x01: 'x87 floating point registers'
[    0.000000] x86/fpu: Supporting XSAVE feature 0x02: 'SSE registers'
[    0.000000] x86/fpu: Supporting XSAVE feature 0x04: 'AVX registers'
[    0.000000] x86/fpu: Enabled xstate features 0x7, context size is 832 bytes, using 'standard' format.
[    0.000000] e820: BIOS-provided physical RAM map:
[    0.000000] BIOS-e820: [mem 0x0000000000000000-0x000000000009fbff] usable
[    0.000000] BIOS-e820: [mem 0x000000000009fc00-0x000000000009ffff] reserved
[    0.000000] BIOS-e820: [mem 0x00000000000f0000-0x00000000000fffff] reserved
[    0.000000] BIOS-e820: [mem 0x0000000000100000-0x00000000dffeffff] usable
[    0.000000] BIOS-e820: [mem 0x00000000dfff0000-0x00000000dfffffff] ACPI data
[    0.000000] BIOS-e820: [mem 0x00000000fec00000-0x00000000fec00fff] reserved
[    0.000000] BIOS-e820: [mem 0x00000000fee00000-0x00000000fee00fff] reserved
[    0.000000] BIOS-e820: [mem 0x00000000fffc0000-0x00000000ffffffff] reserved
[    0.000000] BIOS-e820: [mem 0x0000000100000000-0x000000011fffffff] usable
[    0.000000] NX (Execute Disable) protection: active
[    0.000000] SMBIOS 2.5 present.
[    0.000000] Hypervisor detected: KVM
[    0.000000] Kernel/User page tables isolation: disabled
[    0.000000] e820: last_pfn = 0x120000 max_arch_pfn = 0x400000000
[    0.000000] MTRR: Disabled
[    0.000000] x86/PAT: MTRRs disabled, skipping PAT initialization too.
[    0.000000] CPU MTRRs all blank - virtualized system.
[    0.000000] x86/PAT: Configuration [0-7]: WB  WT  UC- UC  WB  WT  UC- UC  
[    0.000000] e820: last_pfn = 0xdfff0 max_arch_pfn = 0x400000000
[    0.000000] found SMP MP-table at [mem 0x0009fff0-0x0009ffff] mapped at [ffff88000009fff0]
[    0.000000] Scanning 1 areas for low memory corruption
[    0.000000] RAMDISK: [mem 0x362dc000-0x37165fff]
[    0.000000] ACPI: Early table checksum verification disabled
[    0.000000] ACPI: RSDP 0x00000000000E0000 000024 (v02 VBOX  )
[    0.000000] ACPI: XSDT 0x00000000DFFF0030 00003C (v01 VBOX   VBOXXSDT 00000001 ASL  00000061)
[    0.000000] ACPI: FACP 0x00000000DFFF00F0 0000F4 (v04 VBOX   VBOXFACP 00000001 ASL  00000061)
[    0.000000] ACPI: DSDT 0x00000000DFFF0470 0022EA (v02 VBOX   VBOXBIOS 00000002 INTL 20100528)
[    0.000000] ACPI: FACS 0x00000000DFFF0200 000040
[    0.000000] ACPI: FACS 0x00000000DFFF0200 000040
[    0.000000] ACPI: APIC 0x00000000DFFF0240 00005C (v02 VBOX   VBOXAPIC 00000001 ASL  00000061)
[    0.000000] ACPI: SSDT 0x00000000DFFF02A0 0001CC (v01 VBOX   VBOXCPUT 00000002 INTL 20100528)
[    0.000000] No NUMA configuration found
[    0.000000] Faking a node at [mem 0x0000000000000000-0x000000011fffffff]
[    0.000000] NODE_DATA(0) allocated [mem 0x11fff7000-0x11fffbfff]
[    0.000000] kvm-clock: Using msrs 4b564d01 and 4b564d00
[    0.000000] kvm-clock: cpu 0, msr 1:1ffef001, primary cpu clock
[    0.000000] kvm-clock: using sched offset of 3357935206 cycles
[    0.000000] clocksource: kvm-clock: mask: 0xffffffffffffffff max_cycles: 0x1cd42e4dffb, max_idle_ns: 881590591483 ns
[    0.000000] Zone ranges:
[    0.000000]   DMA      [mem 0x0000000000001000-0x0000000000ffffff]
[    0.000000]   DMA32    [mem 0x0000000001000000-0x00000000ffffffff]
[    0.000000]   Normal   [mem 0x0000000100000000-0x000000011fffffff]
[    0.000000]   Device   empty
[    0.000000] Movable zone start for each node
[    0.000000] Early memory node ranges
[    0.000000]   node   0: [mem 0x0000000000001000-0x000000000009efff]
[    0.000000]   node   0: [mem 0x0000000000100000-0x00000000dffeffff]
[    0.000000]   node   0: [mem 0x0000000100000000-0x000000011fffffff]
[    0.000000] Initmem setup node 0 [mem 0x0000000000001000-0x000000011fffffff]
[    0.000000] ACPI: PM-Timer IO Port: 0x4008
[    0.000000] IOAPIC[0]: apic_id 2, version 32, address 0xfec00000, GSI 0-23
[    0.000000] ACPI: INT_SRC_OVR (bus 0 bus_irq 0 global_irq 2 dfl dfl)
[    0.000000] ACPI: INT_SRC_OVR (bus 0 bus_irq 9 global_irq 9 low level)
[    0.000000] Using ACPI (MADT) for SMP configuration information
[    0.000000] smpboot: Allowing 2 CPUs, 0 hotplug CPUs
[    0.000000] PM: Registered nosave memory: [mem 0x00000000-0x00000fff]
[    0.000000] PM: Registered nosave memory: [mem 0x0009f000-0x0009ffff]
[    0.000000] PM: Registered nosave memory: [mem 0x000a0000-0x000effff]
[    0.000000] PM: Registered nosave memory: [mem 0x000f0000-0x000fffff]
[    0.000000] PM: Registered nosave memory: [mem 0xdfff0000-0xdfffffff]
[    0.000000] PM: Registered nosave memory: [mem 0xe0000000-0xfebfffff]
[    0.000000] PM: Registered nosave memory: [mem 0xfec00000-0xfec00fff]
[    0.000000] PM: Registered nosave memory: [mem 0xfec01000-0xfedfffff]
[    0.000000] PM: Registered nosave memory: [mem 0xfee00000-0xfee00fff]
[    0.000000] PM: Registered nosave memory: [mem 0xfee01000-0xfffbffff]
[    0.000000] PM: Registered nosave memory: [mem 0xfffc0000-0xffffffff]
[    0.000000] e820: [mem 0xe0000000-0xfebfffff] available for PCI devices
[    0.000000] Booting paravirtualized kernel on KVM
[    0.000000] clocksource: refined-jiffies: mask: 0xffffffff max_cycles: 0xffffffff, max_idle_ns: 7645519600211568 ns
[    0.000000] setup_percpu: NR_CPUS:512 nr_cpumask_bits:512 nr_cpu_ids:2 nr_node_ids:1
[    0.000000] PERCPU: Embedded 33 pages/cpu @ffff88011fc00000 s95192 r8192 d31784 u1048576
[    0.000000] Built 1 zonelists in Node order, mobility grouping on.  Total pages: 1032056
[    0.000000] Policy zone: Normal
[    0.000000] Kernel command line: BOOT_IMAGE=/boot/vmlinuz-4.4.0-210-generic root=LABEL=cloudimg-rootfs ro console=tty1 console=ttyS0
[    0.000000] PID hash table entries: 4096 (order: 3, 32768 bytes)
[    0.000000] Memory: 4028304K/4193848K available (8644K kernel code, 1332K rwdata, 4044K rodata, 1492K init, 1164K bss, 165544K reserved, 0K cma-reserved)
[    0.000000] SLUB: HWalign=64, Order=0-3, MinObjects=0, CPUs=2, Nodes=1
[    0.000000] Hierarchical RCU implementation.
[    0.000000] 	Build-time adjustment of leaf fanout to 64.
[    0.000000] 	RCU restricting CPUs from NR_CPUS=512 to nr_cpu_ids=2.
[    0.000000] RCU: Adjusting geometry for rcu_fanout_leaf=64, nr_cpu_ids=2
[    0.000000] NR_IRQS:33024 nr_irqs:440 16
[    0.000000] Console: colour VGA+ 80x25
[    0.000000] console [tty1] enabled
[    0.000000] console [ttyS0] enabled
[    0.000000] tsc: Detected 2304.000 MHz processor
[    0.554576] Calibrating delay loop (skipped) preset value.. 4608.00 BogoMIPS (lpj=9216000)
[    0.556000] pid_max: default: 32768 minimum: 301
[    0.556668] ACPI: Core revision 20150930
[    0.557884] ACPI: 2 ACPI AML tables successfully acquired and loaded
[    0.558841] Security Framework initialized
[    0.559449] Yama: becoming mindful.
[    0.560008] AppArmor: AppArmor initialized
[    0.564700] Dentry cache hash table entries: 524288 (order: 10, 4194304 bytes)
[    0.574597] Inode-cache hash table entries: 262144 (order: 9, 2097152 bytes)
[    0.575984] Mount-cache hash table entries: 8192 (order: 4, 65536 bytes)
[    0.577053] Mountpoint-cache hash table entries: 8192 (order: 4, 65536 bytes)
[    0.578336] Initializing cgroup subsys io
[    0.579205] Initializing cgroup subsys memory
[    0.580021] Initializing cgroup subsys devices
[    0.580909] Initializing cgroup subsys freezer
[    0.581822] Initializing cgroup subsys net_cls
[    0.582784] Initializing cgroup subsys perf_event
[    0.583631] Initializing cgroup subsys net_prio
[    0.584498] Initializing cgroup subsys hugetlb
[    0.585371] Initializing cgroup subsys pids
[    0.587331] mce: CPU supports 0 MCE banks
[    0.588124] Last level iTLB entries: 4KB 64, 2MB 8, 4MB 8
[    0.589069] Last level dTLB entries: 4KB 64, 2MB 0, 4MB 0, 1GB 4
[    0.590139] Spectre V1 : Mitigation: usercopy/swapgs barriers and __user pointer sanitization
[    0.591704] Spectre V2 : Mitigation: Enhanced IBRS
[    0.592601] Spectre V2 : Spectre v2 / SpectreRSB mitigation: Filling RSB on context switch
[    0.594129] Speculative Store Bypass: Vulnerable
[    0.594949] TAA: Mitigation: TSX disabled
[    0.595704] SRBDS: Mitigation: TSX disabled
[    0.599400] Freeing SMP alternatives memory: 36K
[    0.607466] ftrace: allocating 32380 entries in 127 pages
[    0.660371] smpboot: APIC(0) Converting physical 0 to logical package 0
[    0.661750] smpboot: Max logical packages: 1
[    0.662903] x2apic enabled
[    0.663794] Switched APIC routing to physical x2apic.
[    0.665806] ..TIMER: vector=0x30 apic1=0 pin1=2 apic2=-1 pin2=-1
[    0.774931] smpboot: CPU0: Intel(R) Core(TM) i7-10610U CPU @ 1.80GHz (family: 0x6, model: 0x8e, stepping: 0xc)
[    0.778699] Performance Events: unsupported p6 CPU model 142 no PMU driver, software events only.
[    0.788914] KVM setup paravirtual spinlock
[    0.795177] x86: Booting SMP configuration:
[    0.796033] .... node  #0, CPUs:      #1
[    0.796886] kvm-clock: cpu 1, msr 1:1ffef041, secondary cpu clock
[    0.799157] mce: CPU supports 0 MCE banks
[    0.801771] x86: Booted up 1 node, 2 CPUs
[    0.802611] smpboot: Total of 2 processors activated (9216.00 BogoMIPS)
[    0.803999] devtmpfs: initialized
[    0.806418] evm: security.selinux
[    0.807032] evm: security.SMACK64
[    0.807614] evm: security.SMACK64EXEC
[    0.808214] evm: security.SMACK64TRANSMUTE
[    0.808855] evm: security.SMACK64MMAP
[    0.809449] evm: security.ima
[    0.809996] evm: security.capability
[    0.810721] clocksource: jiffies: mask: 0xffffffff max_cycles: 0xffffffff, max_idle_ns: 7645041785100000 ns
[    0.812193] futex hash table entries: 512 (order: 3, 32768 bytes)
[    0.813172] pinctrl core: initialized pinctrl subsystem
[    0.814196] RTC time:  0:01:49, date: 07/31/22
[    0.815352] NET: Registered protocol family 16
[    0.829076] cpuidle: using governor ladder
[    0.840756] cpuidle: using governor menu
[    0.841753] PCCT header not found.
[    0.842504] ACPI: bus type PCI registered
[    0.843236] acpiphp: ACPI Hot Plug PCI Controller Driver version: 0.5
[    0.844413] PCI: Using configuration type 1 for base access
[    0.863419] ACPI: Added _OSI(Module Device)
[    0.864458] ACPI: Added _OSI(Processor Device)
[    0.865253] ACPI: Added _OSI(3.0 _SCP Extensions)
[    0.866039] ACPI: Added _OSI(Processor Aggregator Device)
[    0.867487] ACPI: Executed 1 blocks of module-level executable AML code
[    0.870149] ACPI: Interpreter enabled
[    0.870847] ACPI: (supports S0 S5)
[    0.871389] ACPI: Using IOAPIC for interrupt routing
[    0.872214] PCI: Using host bridge windows from ACPI; if necessary, use "pci=nocrs" and report a bug
[    0.876791] ACPI: PCI Root Bridge [PCI0] (domain 0000 [bus 00-ff])
[    0.877764] acpi PNP0A03:00: _OSC: OS supports [ASPM ClockPM Segments MSI]
[    0.879152] acpi PNP0A03:00: _OSC: not requesting OS control; OS requires [ExtendedConfig ASPM ClockPM MSI]
[    0.880957] acpi PNP0A03:00: fail to add MMCONFIG information, can't access extended PCI configuration space under this bridge.
[    0.891271] PCI host bridge to bus 0000:00
[    0.892099] pci_bus 0000:00: root bus resource [io  0x0000-0x0cf7 window]
[    0.893279] pci_bus 0000:00: root bus resource [io  0x0d00-0xffff window]
[    0.894505] pci_bus 0000:00: root bus resource [mem 0x000a0000-0x000bffff window]
[    0.896020] pci_bus 0000:00: root bus resource [mem 0xe0000000-0xfdffffff window]
[    0.897338] pci_bus 0000:00: root bus resource [bus 00-ff]
[    0.900064] pci 0000:00:01.1: legacy IDE quirk: reg 0x10: [io  0x01f0-0x01f7]
[    0.901100] pci 0000:00:01.1: legacy IDE quirk: reg 0x14: [io  0x03f6]
[    0.901996] pci 0000:00:01.1: legacy IDE quirk: reg 0x18: [io  0x0170-0x0177]
[    0.903050] pci 0000:00:01.1: legacy IDE quirk: reg 0x1c: [io  0x0376]
[    0.933605] pci 0000:00:07.0: quirk: [io  0x4000-0x403f] claimed by PIIX4 ACPI
[    0.934990] pci 0000:00:07.0: quirk: [io  0x4100-0x410f] claimed by PIIX4 SMB
[    0.954223] ACPI: PCI Interrupt Link [LNKA] (IRQs 5 9 10 *11)
[    0.956164] ACPI: PCI Interrupt Link [LNKB] (IRQs 5 9 *10 11)
[    0.957678] ACPI: PCI Interrupt Link [LNKC] (IRQs 5 *9 10 11)
[    0.959049] ACPI: PCI Interrupt Link [LNKD] (IRQs 5 9 10 *11)
[    0.960568] ACPI: Enabled 2 GPEs in block 00 to 07
[    0.961714] vgaarb: setting as boot device: PCI:0000:00:02.0
[    0.962749] vgaarb: device added: PCI:0000:00:02.0,decodes=io+mem,owns=io+mem,locks=none
[    0.964332] vgaarb: loaded
[    0.964944] vgaarb: bridge control possible 0000:00:02.0
[    0.965870] SCSI subsystem initialized
[    0.966556] ACPI: bus type USB registered
[    0.967309] usbcore: registered new interface driver usbfs
[    0.968101] usbcore: registered new interface driver hub
[    0.968892] usbcore: registered new device driver usb
[    0.969847] PCI: Using ACPI for IRQ routing
[    0.970904] NetLabel: Initializing
[    0.971612] NetLabel:  domain hash size = 128
[    0.972498] NetLabel:  protocols = UNLABELED CIPSOv4
[    0.973480] NetLabel:  unlabeled traffic allowed by default
[    0.974381] amd_nb: Cannot enumerate AMD northbridges
[    0.980076] clocksource: Switched to clocksource kvm-clock
[    0.993866] AppArmor: AppArmor Filesystem Enabled
[    0.994892] pnp: PnP ACPI init
[    0.996471] pnp: PnP ACPI: found 3 devices
[    1.006227] clocksource: acpi_pm: mask: 0xffffff max_cycles: 0xffffff, max_idle_ns: 2085701024 ns
[    1.008509] NET: Registered protocol family 2
[    1.009535] TCP established hash table entries: 32768 (order: 6, 262144 bytes)
[    1.011045] TCP bind hash table entries: 32768 (order: 7, 524288 bytes)
[    1.016647] TCP: Hash tables configured (established 32768 bind 32768)
[    1.017693] UDP hash table entries: 2048 (order: 4, 65536 bytes)
[    1.018659] UDP-Lite hash table entries: 2048 (order: 4, 65536 bytes)
[    1.020048] NET: Registered protocol family 1
[    1.020854] pci 0000:00:00.0: Limiting direct PCI/PCI transfers
[    1.021766] pci 0000:00:01.0: Activating ISA DMA hang workarounds
[    1.022762] Unpacking initramfs...
[    1.375021] Freeing initrd memory: 14888K
[    1.376315] PCI-DMA: Using software bounce buffering for IO (SWIOTLB)
[    1.378076] software IO TLB: mapped [mem 0xdbff0000-0xdfff0000] (64MB)
[    1.379218] clocksource: tsc: mask: 0xffffffffffffffff max_cycles: 0x2135f7c97c8, max_idle_ns: 440795273205 ns
[    1.381084] platform rtc_cmos: registered platform RTC device (no PNP device found)
[    1.382630] Scanning for low memory corruption every 60 seconds
[    1.383753] audit: initializing netlink subsys (disabled)
[    1.384595] audit: type=2000 audit(1659225715.088:1): initialized
[    1.385653] Initialise system trusted keyring
[    1.390583] HugeTLB registered 2 MB page size, pre-allocated 0 pages
[    1.392420] zbud: loaded
[    1.393027] VFS: Disk quotas dquot_6.6.0
[    1.393667] VFS: Dquot-cache hash table entries: 512 (order 0, 4096 bytes)
[    1.394765] squashfs: version 4.0 (2009/01/31) Phillip Lougher
[    1.395803] fuse init (API version 7.23)
[    1.396558] Key type big_key registered
[    1.397188] Allocating IMA MOK and blacklist keyrings.
[    1.398779] Key type asymmetric registered
[    1.399430] Asymmetric key parser 'x509' registered
[    1.400197] Block layer SCSI generic (bsg) driver version 0.4 loaded (major 249)
[    1.405460] io scheduler noop registered
[    1.406128] io scheduler deadline registered (default)
[    1.406874] io scheduler cfq registered
[    1.407528] pci_hotplug: PCI Hot Plug PCI Core version: 0.5
[    1.408344] pciehp: PCI Express Hot Plug Controller Driver version: 0.4
[    1.409381] ACPI: AC Adapter [AC] (on-line)
[    1.410051] input: Power Button as /devices/LNXSYSTM:00/LNXPWRBN:00/input/input0
[    1.411159] ACPI: Power Button [PWRF]
[    1.411781] input: Sleep Button as /devices/LNXSYSTM:00/LNXSLPBN:00/input/input1
[    1.412968] ACPI: Sleep Button [SLPF]
[    1.413679] GHES: HEST is not enabled!
[    1.414801] ACPI: Battery Slot [BAT0] (battery present)
[    1.415593] Serial: 8250/16550 driver, 32 ports, IRQ sharing enabled
[    1.436839] 00:02: ttyS0 at I/O 0x3f8 (irq = 4, base_baud = 115200) is a 16550A
[    1.440521] Linux agpgart interface v0.103
[    1.442945] loop: module loaded
[    1.444121] scsi host0: ata_piix
[    1.444945] scsi host1: ata_piix
[    1.445599] ata1: PATA max UDMA/33 cmd 0x1f0 ctl 0x3f6 bmdma 0xd000 irq 14
[    1.446726] ata2: PATA max UDMA/33 cmd 0x170 ctl 0x376 bmdma 0xd008 irq 15
[    1.447837] libphy: Fixed MDIO Bus: probed
[    1.448598] tun: Universal TUN/TAP device driver, 1.6
[    1.449422] tun: (C) 1999-2004 Max Krasnyansky <maxk@qualcomm.com>
[    1.450370] PPP generic driver version 2.4.2
[    1.451107] ehci_hcd: USB 2.0 'Enhanced' Host Controller (EHCI) Driver
[    1.452007] ehci-pci: EHCI PCI platform driver
[    1.452709] ehci-platform: EHCI generic platform driver
[    1.453472] ohci_hcd: USB 1.1 'Open' Host Controller (OHCI) Driver
[    1.454306] ohci-pci: OHCI PCI platform driver
[    1.455002] ohci-platform: OHCI generic platform driver
[    1.455749] uhci_hcd: USB Universal Host Controller Interface driver
[    1.456678] i8042: PNP: PS/2 Controller [PNP0303:PS2K,PNP0f03:PS2M] at 0x60,0x64 irq 1,12
[    1.458249] serio: i8042 KBD port at 0x60,0x64 irq 1
[    1.458953] serio: i8042 AUX port at 0x60,0x64 irq 12
[    1.459800] mousedev: PS/2 mouse device common for all mice
[    1.460884] input: AT Translated Set 2 keyboard as /devices/platform/i8042/serio0/input/input2
[    1.462461] rtc_cmos rtc_cmos: rtc core: registered rtc_cmos as rtc0
[    1.463424] rtc_cmos rtc_cmos: alarms up to one day, 114 bytes nvram
[    1.464363] i2c /dev entries driver
[    1.464983] device-mapper: uevent: version 1.0.3
[    1.465728] device-mapper: ioctl: 4.34.0-ioctl (2015-10-28) initialised: dm-devel@redhat.com
[    1.466967] ledtrig-cpu: registered to indicate activity on CPUs
[    1.468110] NET: Registered protocol family 10
[    1.468976] NET: Registered protocol family 17
[    1.469643] Key type dns_resolver registered
[    1.470581] registered taskstats version 1
[    1.471213] Loading compiled-in X.509 certificates
[    1.472311] Loaded X.509 cert 'Build time autogenerated kernel key: cf00e047681d67edb2720680708b7d9498083038'
[    1.473748] zswap: loaded using pool lzo/zbud
[    1.475433] Key type trusted registered
[    1.477771] Key type encrypted registered
[    1.478380] AppArmor: AppArmor sha1 policy hashing enabled
[    1.479153] ima: No TPM chip found, activating TPM-bypass!
[    1.479930] ima: Allocated hash algorithm: sha1
[    1.480623] evm: HMAC attrs: 0x1
[    1.481451]   Magic number: 14:294:2
[    1.482090] rtc_cmos rtc_cmos: setting system clock to 2022-07-31 00:01:49 UTC (1659225709)
[    1.483492] BIOS EDD facility v0.16 2004-Jun-25, 0 devices found
[    1.484482] EDD information not available.
[    1.607025] Freeing unused kernel memory: 1492K
[    1.609946] Write protecting the kernel read-only data: 14336k
[    1.612731] Freeing unused kernel memory: 1584K
[    1.613824] Freeing unused kernel memory: 52K
Loading, please wait...
starting version 229
[    1.625412] random: systemd-udevd: uninitialized urandom read (16 bytes read, 3 bits of entropy available)
[    1.625735] random: udevadm: uninitialized urandom read (16 bytes read, 3 bits of entropy available)
[    1.625768] random: udevadm: uninitialized urandom read (16 bytes read, 3 bits of entropy available)
[    1.631557] random: systemd-udevd: uninitialized urandom read (16 bytes read, 3 bits of entropy available)
[    1.633357] random: systemd-udevd: uninitialized urandom read (16 bytes read, 3 bits of entropy available)
[    1.633546] random: udevadm: uninitialized urandom read (16 bytes read, 3 bits of entropy available)
[    1.633587] random: udevadm: uninitialized urandom read (16 bytes read, 3 bits of entropy available)
[    1.633717] random: udevadm: uninitialized urandom read (16 bytes read, 3 bits of entropy available)
[    1.633778] random: udevadm: uninitialized urandom read (16 bytes read, 3 bits of entropy available)
[    1.633830] random: udevadm: uninitialized urandom read (16 bytes read, 3 bits of entropy available)
[    1.671547] e1000: Intel(R) PRO/1000 Network Driver - version 7.3.21-k8-NAPI
[    1.673913] e1000: Copyright (c) 1999-2006 Intel Corporation.
[    1.677979] Fusion MPT base driver 3.04.20
[    1.678891] Copyright (c) 1999-2008 LSI Corporation
[    1.694274] Fusion MPT SPI Host driver 3.04.20
[    1.697163] AVX2 version of gcm_enc/dec engaged.
[    1.698269] AES CTR mode by8 optimization enabled
[    1.890943] input: ImExPS/2 Generic Explorer Mouse as /devices/platform/i8042/serio1/input/input4
[    2.056373] e1000 0000:00:03.0 eth0: (PCI:33MHz:32-bit) 02:be:82:6b:cc:1d
[    2.059032] e1000 0000:00:03.0 eth0: Intel(R) PRO/1000 Network Connection
[    2.463099] e1000 0000:00:08.0 eth1: (PCI:33MHz:32-bit) 08:00:27:19:9d:6d
[    2.465891] e1000 0000:00:08.0 eth1: Intel(R) PRO/1000 Network Connection
[    2.479878] e1000 0000:00:08.0 enp0s8: renamed from eth1
[    2.481594] mptbase: ioc0: Initiating bringup
[    2.492331] e1000 0000:00:03.0 enp0s3: renamed from eth0
[    2.674125] ioc0: LSI53C1030 A0: Capabilities={Initiator}
[    3.410988] scsi host2: ioc0: LSI53C1030 A0, FwRev=00000000h, Ports=1, MaxQ=256, IRQ=20
[    4.095717] scsi 2:0:0:0: Direct-Access     VBOX     HARDDISK         1.0  PQ: 0 ANSI: 5
[    4.097330] scsi target2:0:0: Beginning Domain Validation
[    4.098992] scsi target2:0:0: Domain Validation skipping write tests
[    4.099900] scsi target2:0:0: Ending Domain Validation
[    4.100704] scsi target2:0:0: asynchronous
[    4.101757] scsi 2:0:1:0: Direct-Access     VBOX     HARDDISK         1.0  PQ: 0 ANSI: 5
[    4.103250] scsi target2:0:1: Beginning Domain Validation
[    4.105092] scsi target2:0:1: Domain Validation skipping write tests
[    4.105975] scsi target2:0:1: Ending Domain Validation
[    4.106793] scsi target2:0:1: asynchronous
[    4.111475] sd 2:0:0:0: [sda] 83886080 512-byte logical blocks: (42.9 GB/40.0 GiB)
[    4.111614] sd 2:0:0:0: Attached scsi generic sg0 type 0
[    4.111943] sd 2:0:1:0: Attached scsi generic sg1 type 0
[    4.114429] sd 2:0:1:0: [sdb] 20480 512-byte logical blocks: (10.5 MB/10.0 MiB)
[    4.117345] sd 2:0:1:0: [sdb] Write Protect is off
[    4.117410] sd 2:0:0:0: [sda] Write Protect is off
[    4.117483] sd 2:0:0:0: [sda] Incomplete mode parameter data
[    4.117484] sd 2:0:0:0: [sda] Assuming drive cache: write through
[    4.121185] sd 2:0:1:0: [sdb] Incomplete mode parameter data
[    4.122143] sd 2:0:1:0: [sdb] Assuming drive cache: write through
[    4.123231]  sda: sda1
[    4.124585] sd 2:0:0:0: [sda] Attached SCSI disk
[    4.126592] sd 2:0:1:0: [sdb] Attached SCSI disk
Begin: Loading essential drivers ... [    5.495043] md: linear personality registered for level -1
[    5.498892] md: multipath personality registered for level -4
[    5.502105] md: raid0 personality registered for level 0
[    5.506126] md: raid1 personality registered for level 1
[    5.576286] raid6: sse2x1   gen()  8847 MB/s
[    5.644254] raid6: sse2x1   xor()  5577 MB/s
[    5.712551] raid6: sse2x2   gen() 11862 MB/s
[    5.780101] raid6: sse2x2   xor()  7395 MB/s
[    5.848270] raid6: sse2x4   gen() 13612 MB/s
[    5.916180] raid6: sse2x4   xor()  8145 MB/s
[    5.984094] raid6: avx2x1   gen() 18938 MB/s
[    6.052785] raid6: avx2x2   gen() 23050 MB/s
[    6.120137] raid6: avx2x4   gen() 28084 MB/s
[    6.121153] raid6: using algorithm avx2x4 gen() 28084 MB/s
[    6.122275] raid6: using avx2x2 recovery algorithm
[    6.124236] xor: automatically using best checksumming function:
[    6.164364]    avx       : 26474.000 MB/sec
[    6.166113] async_tx: api initialized (async)
[    6.174428] md: raid6 personality registered for level 6
[    6.175306] md: raid5 personality registered for level 5
[    6.176049] md: raid4 personality registered for level 4
[    6.181235] md: raid10 personality registered for level 10
done.
Begin: Running /scripts/init-premount ... done.
Begin: Mounting root file system ... Begin: Running /scripts/local-top ... done.
Begin: Running /scripts/local-premount ... [    6.200198] Btrfs loaded
Scanning for Btrfs filesystems
done.
Warning: fsck not present, so skipping root file system
[    6.218492] EXT4-fs (sda1): mounted filesystem with ordered data mode. Opts: (null)
done.
Begin: Running /scripts/local-bottom ... done.
Begin: Running /scripts/init-bottom ... done.
[    6.268273] systemd[1]: systemd 229 running in system mode. (+PAM +AUDIT +SELINUX +IMA +APPARMOR +SMACK +SYSVINIT +UTMP +LIBCRYPTSETUP +GCRYPT +GNUTLS +ACL +XZ -LZ4 +SECCOMP +BLKID +ELFUTILS +KMOD -IDN)
[    6.270677] systemd[1]: Detected virtualization oracle.
[    6.271441] systemd[1]: Detected architecture x86-64.

Welcome to [1mUbuntu 16.04.7 LTS[0m!

[    6.273794] systemd[1]: Set hostname to <ubuntu>.
[    6.275451] systemd[1]: Initializing machine ID from random generator.
[    6.276351] systemd[1]: Installed transient /etc/machine-id file.
[    6.369335] systemd[1]: Listening on udev Control Socket.
[[0;32m  OK  [0m] Listening on udev Control Socket.
[    6.371262] systemd[1]: Listening on Device-mapper event daemon FIFOs.
[[0;32m  OK  [0m] Listening on Device-mapper event daemon FIFOs.
[    6.373066] systemd[1]: Set up automount Arbitrary Executable File Formats File System Automount Point.
[[0;32m  OK  [0m] Set up automount Arbitrary Executab...ats File System Automount Point.
[    6.375401] systemd[1]: Listening on Journal Audit Socket.
[[0;32m  OK  [0m] Listening on Journal Audit Socket.
[    6.376984] systemd[1]: Listening on Journal Socket.
[[0;32m  OK  [0m] Listening on Journal Socket.
[    6.378394] systemd[1]: Started Forward Password Requests to Wall Directory Watch.
[[0;32m  OK  [0m] Started Forward Password Requests to Wall Directory Watch.
[    6.380427] systemd[1]: Reached target Swap.
[[0;32m  OK  [0m] Reached target Swap.
[    6.381663] systemd[1]: Reached target System Time Synchronized.
[[0;32m  OK  [0m] Reached target System Time Synchronized.
[    6.383254] systemd[1]: Listening on udev Kernel Socket.
[[0;32m  OK  [0m] Listening on udev Kernel Socket.
[    6.384761] systemd[1]: Reached target Encrypted Volumes.
[[0;32m  OK  [0m] Reached target Encrypted Volumes.
[    6.386291] systemd[1]: Listening on /dev/initctl Compatibility Named Pipe.
[[0;32m  OK  [0m] Listening on /dev/initctl Compatibility Named Pipe.
[    6.388166] systemd[1]: Started Trigger resolvconf update for networkd DNS.
[[0;32m  OK  [0m] Started Trigger resolvconf update for networkd DNS.
[    6.389981] systemd[1]: Listening on LVM2 poll daemon socket.
[[0;32m  OK  [0m] Listening on LVM2 poll daemon socket.
[    6.391656] systemd[1]: Created slice System Slice.
[[0;32m  OK  [0m] Created slice System Slice.
[    6.404711] systemd[1]: Starting Set console keymap...
         Starting Set console keymap...
[    6.407626] systemd[1]: Mounting Huge Pages File System...
         Mounting Huge Pages File System...
[    6.409662] systemd[1]: Created slice system-serial\x2dgetty.slice.
[[0;32m  OK  [0m] Created slice system-serial\x2dgetty.slice.
[    6.412303] systemd[1]: Mounting POSIX Message Queue File System...
         Mounting POSIX Message Queue File System...
[    6.414557] systemd[1]: Starting Create list of required static device nodes for the current kernel...
         Starting Create list of required st... nodes for the current kernel...
[    6.417487] systemd[1]: Listening on fsck to fsckd communication Socket.
[[0;32m  OK  [0m] Listening on fsck to fsckd communication Socket.
[    6.420444] systemd[1]: Starting Load Kernel Modules...
         Starting Load Kernel Modules...
[    6.421803] systemd[1]: Listening on LVM2 metadata daemon socket.
[[0;32m  OK  [0m] Listening on LVM2 metadata daemon socket.
[    6.424384] systemd[1]: Starting Monitoring of LVM2 mirrors, snapshots etc. using dmeventd or progress polling...
         Starting Monitoring of LVM2 mirrors... dmeventd or progress polling...
[    6.427813] systemd[1]: Listening on Syslog Socket.
[[0;32m  OK  [0m] Listening on Syslog Socket.
[    6.430283] systemd[1]: Starting Uncomplicated firewall...
         Starting Uncomplicated firewall...
[    6.432622] systemd[1]: Starting Nameserver information manager...
[    6.433825] Loading iSCSI transport class v2.0-870.
         Starting Nameserver information manager...
[    6.434957] systemd[1]: Listening on Journal Socket (/dev/log).
[[0;32m  OK  [0m] Listening on Journal Socket (/dev/log).
[    6.437114] systemd[1]: Starting Journal Service...
         Starting Journal Service...
[    6.439380] systemd[1]: Starting File System Check on Root Device...
         Starting File System Check on Root Device...
[    6.441680] systemd[1]: Reached target User and Group Name Lookups.
[[0;32m  OK  [0m] Reached target User and Group Name Lookups.
[    6.444429] systemd[1]: Created slice User and Session Slice.
[[0;32m  OK  [0m] Created slice User and Session S[    6.446069] iscsi: registered transport (tcp)
lice.
[    6.447089] systemd[1]: Reached target Slices.
[[0;32m  OK  [0m] Reached target Slices.
[    6.453961] systemd[1]: Mounting Debug File System...
         Mounting Debug File System...
[    6.456189] systemd[1]: Mounted Huge Pages File System.
[[0;32m  OK  [0m] Mounted Huge Pages File System.
[    6.458135] systemd[1]: Mounted POSIX Message Queue File System.
[[0;32m  OK  [0m] Mounted POSIX Message Queue File System.
[    6.460327] systemd[1]: Mounted Debug File System.
[[0;32m  OK  [0m] Mounted Debug File System.
[    6.462987] systemd[1]: Started Set console keymap.
[[0;32m  OK  [0m] Started Set console keymap.
[    6.469968] systemd[1]: Started Create list of required static device nodes for the current kernel.
[[0;32m  OK  [0m] Started Create list of required sta...ce nodes for the current kernel.
[    6.473288] systemd[1]: Started Uncomplicated firewall.
[[0;32m  OK  [0m] Started Uncomplicated firewall.
[    6.482631] iscsi: registered transport (iser)
[    6.485176] systemd[1]: Started Load Kernel Modules.
[[0;32m  OK  [0m] Started Load Kernel Modules.
[    6.486924] systemd[1]: Started File System Check on Root Device.
[[0;32m  OK  [0m] Started File System Check on Root Device.
[    6.489283] systemd[1]: Started Nameserver information manager.
[[0;32m  OK  [0m] Started Nameserver information manager.
[    6.493026] systemd[1]: Started Journal Service.
[[0;32m  OK  [0m] Started Journal Service.
[[0;32m  OK  [0m] Started LVM2 metadata daemon.
[[0;32m  OK  [0m] Started File System Check Daemon to report status.
         Starting Remount Root and Kernel File Systems...
         Starting Apply Kernel Variables...[    6.501769] EXT4-fs (sda1): re-mounted. Opts: (null)

         Mounting FUSE Control File System...
         Starting Create Static Device Nodes in /dev...
[[0;32m  OK  [0m] Mounted FUSE Control File System.
[[0;32m  OK  [0m] Started Remount Root and Kernel File Systems.
[[0;32m  OK  [0m] Started Apply Kernel Variables.
         Starting Flush Journal to Persistent Storage...
         Starting Load/Save Random Seed...
         Starting udev Coldplug all Devices...
[[0;32m  OK  [0m] Started Load/Save Random Seed.
[[0;32m  OK  [0m] Started Create Static Device Nodes in /dev.
         Starting udev Kernel Device Manager...
[[0;32m  OK  [0m] Started Flush Journal to Persistent Storage.
[[0;32m  OK  [0m] Started udev Kernel Device Manager.
[[0;32m  OK  [0m] Started udev Coldplug all Devices.
[[0;32m  OK  [0m] Started Dispatch Password Requests to Console Directory Watch.
[[0;32m  OK  [0m] Started Monitoring of LVM2 mirrors,...ng dmeventd or progress polling.
[[0;32m  OK  [0m] Reached target Local File Systems (Pre).
[[0;32m  OK  [0m] Reached target Local File Systems.
         Starting LSB: AppArmor initialization...
         Starting Initial cloud-init job (pre-networking)...
         Starting Tell Plymouth To Write Out Runtime Data...
         Starting Create Volatile Files and Directories...
         Starting Set console font and keymap...
         Starting Commit a transient machine-id on disk...
[[0;32m  OK  [0m] Started Tell Plymouth To Write Out Runtime Data.
[[0;32m  OK  [0m] Started Create Volatile Files and Directories.
         Starting Update UTMP about System Boot/Shutdown...
[[0;32m  OK  [0m] Found device /dev/ttyS0.
[[0;32m  OK  [0m] Started Update UTMP about System Boot/Shutdown.
[[0;32m  OK  [0m] Started Commit a transient machine-id on disk.
[[0;32m  OK  [0m] Listening on Load/Save RF Kill Switch Status /dev/rfkill Watch.
[[    7.250597] [0;32m  OK  [0mcloud-init] [524]: Started LSB: AppArmor initialization.Cloud-init v. 21.1-19-gbad84ad4-0ubuntu1~16.04.2 running 'init-local' at Sun, 31 Jul 2022 00:01:55 +0000. Up 6.82 seconds.

         Starting Load AppArmor profiles managed internally by snapd...
[[0;32m  OK  [0m] Started Initial cloud-init job (pre-networking).
[[0;32m  OK  [0m] Started Load AppArmor profiles managed internally by snapd.
[[0;32m  OK  [0m] Reached target Network (Pre).
         Starting Raise network interfaces...
[[0;32m  OK  [0m] Started Set console font and keymap.
[[0;32m  OK  [0m] Created slice system-getty.slice.
[[0;32m  OK  [0m] Started Raise network interfaces.
         Starting Initial cloud-init job (metadata service crawler)...
[[0;32m  OK  [0m] Reached target Network.
[    8.472291] cloud-init[959]: Cloud-init v. 21.1-19-gbad84ad4-0ubuntu1~16.04.2 running 'init' at Sun, 31 Jul 2022 00:01:56 +0000. Up 8.04 seconds.
[    8.480423] cloud-init[959]: ci-info: ++++++++++++++++++++++++++++++++++++++Net device info+++++++++++++++++++++++++++++++++++++++
[    8.489158] cloud-init[959]: ci-info: +--------+-------+----------------------------+---------------+--------+-------------------+
[    8.497020] cloud-init[959]: ci-info: | Device |   Up  |          Address           |      Mask     | Scope  |     Hw-Address    |
[    8.504848] cloud-init[959]: ci-info: +--------+-------+----------------------------+---------------+--------+-------------------+
[    8.506422] cloud-init[959]: ci-info: | enp0s3 |  True |         10.0.2.15          | 255.255.255.0 | global | 02:be:82:6b:cc:1d |
[    8.508429] cloud-init[959]: ci-info: | enp0s3 |  True | fe80::be:82ff:fe6b:cc1d/64 |       .       |  link  | 02:be:82:6b:cc:1d |
[    8.510150] cloud-init[959]: ci-info: | enp0s8 | False |             .              |       .       |   .    | 08:00:27:19:9d:6d |
[    8.511896] cloud-init[959]: ci-info: |   lo   |  True |         127.0.0.1          |   255.0.0.0   |  host  |         .         |
[    8.513613] cloud-init[959]: ci-info: |   lo   |  True |          ::1/128           |       .       |  host  |         .         |
[    8.520372] cloud-init[959]: ci-info: +--------+-------+----------------------------+---------------+--------+-------------------+
[    8.522002] cloud-init[959]: ci-info: +++++++++++++++++++++++++++Route IPv4 info++++++++++++++++++++++++++++
[[0;32m  OK  [0m] Started Initial cloud-init job (metadata service crawler).
[[0;32m  OK  [0m] Reached target System Initialization.
[[0;32m  OK  [0m] Listening on ACPID Listen Socket.
[[0;32m  OK  [0m] Listening on UUID daemon activation socket.
[    8.526582] cloud-init[959]: ci-info: +-------+-------------+----------+---------------+-----------+-------+
[    8.536631] cloud-init[959]: ci-info: | Route | Destination | Gateway  |    Genmask    | Interface | Flags |
[    8.544986] cloud-init[959]: ci-info: +-------+-------------+----------+---------------+-----------+-------+
[    8.546539] cloud-init[959]: ci-info: |   0   |   0.0.0.0   | 10.0.2.2 |    0.0.0.0    |   enp0s3  |   UG  |
[    8.548180] cloud-init[959]: ci-info: |   1   |   10.0.2.0  | 0.0.0.0  | 255.255.255.0 |   enp0s3  |   U   |
[    8.560223] cloud-init[959]: ci-info: +-------+-------------+----------+---------------+-----------+-------+
[    8.560303] cloud-init[959]: ci-info: +++++++++++++++++++Route IPv6 info+++++++++++++++++++
[    8.560402] cloud-init[959]: ci-info: +-------+-------------+---------+-----------+-------+
[    8.560439] cloud-init[959]: ci-info: | Route | Destination | Gateway | Interface | Flags |
[    8.560474] cloud-init[959]: ci-info: +-------+-------------+---------+-----------+-------+
[    8.560535] cloud-init[959]: ci-info: |   0   |  fe80::/64  |    ::   |   enp0s3  |   U   |
[    8.560592] cloud-init[959]: ci-info: |   3   |   ff00::/8  |    ::   |   enp0s3  |   U   |
[    8.560631] cloud-init[959]: ci-info: +-------+-------------+---------+-----------+-------+
[    8.560696] cloud-init[959]: Generating public/private rsa key pair.
[    8.560734] cloud-init[959]: Your identification has been saved in /etc/ssh/ssh_host_rsa_key.
[    8.560779] cloud-init[959]: Your public key has been saved in /etc/ssh/ssh_host_rsa_key.pub.
[    8.560869] cloud-init[959]: The key fingerprint is:
[    8.560935] cloud-init[959]: SHA256:lPz/sWmFn0AfkvdQrECwz/jZt/TqEEvsu3wfze9R26k root@ubuntu-xenial
[    8.560976] cloud-init[959]: The key's randomart image is:
[    8.561023] cloud-init[959]: +---[RSA 2048]----+
[    8.561062] cloud-init[959]: |          .o.  . |
[    8.561102] cloud-init[959]: |       . . ..   o|
[    8.561141] cloud-init[959]: |        + .  ..o |
[    8.561488] cloud-init[959]: |       . . = +oo |
[    8.561927] cloud-init[959]: |        S o B +o+|
[    8.562213] cloud-init[959]: |           = *.oO|
[    8.562668] cloud-init[959]: |            B +O*|
[    8.562940] cloud-init[959]: |           . +=*B|
[    8.563368] cloud-init[959]: |            +E*==|
[    8.563778] cloud-init[959]: +----[SHA256]-----+
         Starting LXD - unix socket.
[[0;32m  OK  [0m] Started Ubuntu Advantage update messaging.
[[0;32m  OK  [0m] Listening on D-Bus System Message Bus Socket.
[[0;32m  OK  [0m] Started Daily apt download activities.
[    8.580455] [[0;32m  OK  [0m] Started ACPI Events Check.
[[0;32m  OK  [0m] Reached target Paths.
         Starting Socket activation for snappy daemon.
[[0;32m  OK  [0m] Started Message of the Day.
[[0;32m  OK  [0m] Started Daily Cleanup of Temporary Directories.
[[0;32m  OK  [0m] Started Daily apt upgrade and clean activities.
[[0;32m  OK  [0m] Reached target Timers.
[[0;32m  OK  [0m] Reached target Network is Online.
cloud-init[959]: Generating public/private dsa key pair.
[    8.584872] cloud-init[959]: Your identification has been saved in /etc/ssh/ssh_host_dsa_key.
[    8.585828] cloud-init[959]: Your public key has been saved in /etc/ssh/ssh_host_dsa_key.pub.
[    8.586799] cloud-init[959]: The key fingerprint is:
[    8.587505] cloud-init[959]: SHA256:rQfrQYtbwmxOIhMRA2ei/LggPDAfwSl+prhl1+ibz3I root@ubuntu-xenial
[    8.588539] cloud-init[959]: The key's randomart image is:
[    8.589302] cloud-init[959]: +---[DSA 1024]----+
[    8.589982] cloud-init[959]: |oo*.             |
[    8.590663] cloud-init[959]: |++o+             |
[    8.591343] cloud-init[959]: |=oo              |
[    8.592022] cloud-init[959]: |o+o=     .       |
[    8.592754] cloud-init[959]: |++*. o  S .      |
[    8.593428] cloud-init[959]: |+.=.oo.o =       |
[    8.594119] cloud-init[959]: | =oo. B * .      |
[    8.594804] cloud-init[959]: |.  ooBE= o       |
[    8.595494] cloud-init[959]: |    o== .        |
[    8.596226] cloud-init[959]: +----[SHA256]-----+
[    8.596900] cloud-init[959]: Generating public/private ecdsa key pair.
[    8.597741] cloud-init[959]: Your identification has been saved in /etc/ssh/ssh_host_ecdsa_key.
[    8.598719] cloud-init[959]: Your public key has been saved in /etc/ssh/ssh_host_ecdsa_key.pub.
[    8.599860]          Starting iSCSI initiator daemon (iscsid)...
[[0;32m  OK  [0m] Reached target Cloud-config availability.
[[0;32m  OK  [0m] Listening on LXD - unix socket.
[[0;32m  OK  [0m] Listening on Socket activation for snappy daemon.
[[0;32m  OK  [0m] Reached target Sockets.
[[0;32m  OK  [0m] Reached target Basic System.
[[0;32m  OK  [0m] Started FUSE filesystem for LXC.
cloud-init[959]: The key fingerprint is:
         Starting Virtualbox guest utils...
         Starting Accounts Service...
[    8.614832] cloud-init[959]: SHA256:F1356rKbIgPoKxz1MCv2g15yoL8g3IIgHDHnmJahbNk root@ubuntu-xenial
[    8.617787]          Starting Pollinate to seed the pseudo random number generator...
[[0;32m  OK  [0m] Started D-Bus System Message Bus.
cloud-init[959]: The key's randomart image is:
[    8.621461] cloud-init[959]: +---[ECDSA 256]---+
[    8.622548] cloud-init[959]: | + .          .. |
[    8.623631] cloud-init[959]: |o %        . ..  |
[    8.625078] cloud-init[959]: |.X E      . .  . |
[    8.626495] cloud-init[959]: |+ . +      .    .|
[    8.628398] cloud-init[959]: |o... *  S .    . |
[    8.629961] cloud-init[959]: |=.=.o o  .    .  |
[    8.631738] cloud-init[959]: |==.Bo  .     .   |
[    8.632771] cloud-init[959]: |.o=++   o . ...  |
[    8.633651] cloud-init[959]: | .+o.o   o .++   |
[    8.634579] cloud-init[959]: +----[SHA256]-----+
[    8.635798] cloud-init[959]: Generating public/private ed25519 key pair.
[    8.637247] cloud-init[959]: Your identification has been saved in /etc/ssh/ssh_host_ed25519_key.
[    8.638771] cloud-init[959]: Your public key has been saved in /etc/ssh/ssh_host_ed25519_key.pub.
[    8.640026] cloud-init[959]: The key fingerprint is:
[    8.640977] cloud-init[959]: SHA256:jmF/y/4xBwnRbHyX4T25ntPKpeUo2yYMHW/2CkCDB+I root@ubuntu-xenial
[    8.642747] cloud-init[959]: The key's randomart image is:
[    8.643679] cloud-init[959]: +--[ED25519 256]--+
[    8.644765] cloud-init[959]: |      . . .+   .o|
[    8.646135] cloud-init[959]: |     . . o .= o.+|
         Starting Login Service...
[    8.648796] cloud-init[959]: |      E . =. . =.|         Starting Snap Daemon...

[[0;32m  OK  [0m] Started Regular background program processing daemon.
[    8.651096] [[0;32m  OK  [0m] Started Deferred execution scheduler.
         Starting System Logging Service...
         Starting /etc/rc.local Compatibility...
         Starting LSB: Record successful boot for GRUB...
         Starting LSB: MD monitoring daemon...
[[0;32m  OK  [0m] Started ACPI event daemon.
cloud-init         Starting LXD - container startup/shutdown...
[959]: |         o o..  o|
[    8.657776] cloud-init[959]: |      o S ..oo . |         Starting Authenticate and Authorize Users to Run Privileged Tasks...
[[0;32m  OK  [0m] Started /etc/rc.local Compatibility.

[    8.673311] cloud-init[959]: |     . =  ....= o|
[    8.674379] [[0;32m  OK  [0m] Started iSCSI initiator daemon (iscsid).
         Starting Login to default iSCSI targets...
cloud-init[[0;32m  OK  [0m] Started Login Service.
[[0;32m  OK  [0m] Started Unattended Upgrades Shutdown.
[[0;32m  OK  [0m] Started Login to default iSCSI targets.
[[0;32m  OK  [0m] Reached target Remote File Systems (Pre).
[[0;32m  OK  [0m] Reached target Remote File Systems.
         Starting Permit User Sessions...
         Starting LSB: automatic crash report generation...
         Starting LSB: daemon to balance interrupts for SMP systems...
         Starting LSB: Set the CPU Frequency Scaling governor to "ondemand"...
[[0;32m  OK  [0m] Started System Logging Service.
[[0;32m  OK  [0m] Started Permit User Sessions.
         Starting Hold until boot process finishes up...
         Starting Terminate Plymouth Boot Screen...
[[0;32m  OK  [0m] Started Hold until boot process finishes up.
[[0;32m  OK  [0m] Started Getty on tty1.
[[0;32m  OK  [0m] Started Serial Getty on ttyS0.
[[0;32m  OK  [0m] Reached target Login Prompts.
         Starting Set console scheme...
[[0;32m  OK  [0m] Started Set console scheme.
[[0;32m  OK  [0m] Started LSB: Set the CPU Frequency Scaling governor to "ondemand".
[[0;32m  OK  [0m] Started Terminate Plymouth Boot Screen.
[959]: |      . o .o+o.=+|
[[0;32m  OK  [0m] Started LSB: Record successful boot for GRUB.
[    8.730522] [[0;32m  OK  [0m] Started LSB: MD monitoring daemon.
[[0;32m  OK  [0m] Started Authenticate and Authorize Users to Run Privileged Tasks.
[[0;32m  OK  [0m] Started Accounts Service.
cloud-init[959]: |         o .+B.Bo|
[    8.748161] cloud-init[959]: |         .+.o=B..|
[[0;32m  OK  [0m] Started LSB: daemon to balance interrupts for SMP systems.
[    8.758438] cloud-init[959]: +----[SHA256]-----+
[[0;32m  OK  [0m] Started LSB: automatic crash report generation.
[[0;32m  OK  [0m] Started LXD - container startup/shutdown.
[[0;32m  OK  [0m] Started Virtualbox guest utils.
[[0;32m  OK  [0m] Started Snap Daemon.
         Starting Wait until snapd is fully seeded...
[[0;32m  OK  [0m] Started Pollinate to seed the pseudo random number generator.
         Starting OpenBSD Secure Shell server...
[[0;32m  OK  [0m] Started OpenBSD Secure Shell server.
[[0;32m  OK  [0m] Started Wait until snapd is fully seeded.
         Starting Apply the settings specified in cloud-config...
[[0;32m  OK  [0m] Reached target Multi-User System.
[[0;32m  OK  [0m] Reached target Graphical Interface.
         Starting Update UTMP about System Runlevel Changes...
[[0;32m  OK  [0m] Started Update UTMP about System Runlevel Changes.
[[0;32m  OK  [0m] Created slice User Slice of vagrant.
         Starting User Manager for UID 1000...
[   11.419365] cloud-init[1306]: Generating locales (this might take a while)...
[[0;32m  OK  [0m] Started Session 1 of user vagrant.
[[0;32m  OK  [0m] Started User Manager for UID 1000.
[   12.473772] cloud-init[1306]:   en_US.UTF-8... done
[   12.474567] cloud-init[1306]: Generation complete.
[   12.792283] cloud-init[1306]: Cloud-init v. 21.1-19-gbad84ad4-0ubuntu1~16.04.2 running 'modules:config' at Sun, 31 Jul 2022 00:01:59 +0000. Up 11.34 seconds.
[[0;32m  OK  [0m] Started Apply the settings specified in cloud-config.
         Starting Execute cloud user/final scripts...
ci-info: no authorized SSH keys fingerprints found for user ubuntu.
<14>Jul 31 00:02:01 ec2: 
<14>Jul 31 00:02:01 ec2: #############################################################
<14>Jul 31 00:02:01 ec2: -----BEGIN SSH HOST KEY FINGERPRINTS-----
<14>Jul 31 00:02:01 ec2: 1024 SHA256:rQfrQYtbwmxOIhMRA2ei/LggPDAfwSl+prhl1+ibz3I root@ubuntu-xenial (DSA)
<14>Jul 31 00:02:01 ec2: 256 SHA256:F1356rKbIgPoKxz1MCv2g15yoL8g3IIgHDHnmJahbNk root@ubuntu-xenial (ECDSA)
<14>Jul 31 00:02:01 ec2: 256 SHA256:jmF/y/4xBwnRbHyX4T25ntPKpeUo2yYMHW/2CkCDB+I root@ubuntu-xenial (ED25519)
<14>Jul 31 00:02:01 ec2: 2048 SHA256:lPz/sWmFn0AfkvdQrECwz/jZt/TqEEvsu3wfze9R26k root@ubuntu-xenial (RSA)
<14>Jul 31 00:02:01 ec2: -----END SSH HOST KEY FINGERPRINTS-----
<14>Jul 31 00:02:01 ec2: #############################################################
-----BEGIN SSH HOST KEY KEYS-----
ecdsa-sha2-nistp256 AAAAE2VjZHNhLXNoYTItbmlzdHAyNTYAAAAIbmlzdHAyNTYAAABBBNHOQGfP4nFi2g1ACt18piD63eaCjaEREZ05QqIVxEN+WWoeSDgwuAYzSLGcmxD3qETUMTp3/VEEoKK/nytJves= root@ubuntu-xenial
ssh-ed25519 AAAAC3NzaC1lZDI1NTE5AAAAINHjcm1zogBtChSrC9GLfUB51mDWBDE31kFtM+YHnfdp root@ubuntu-xenial
ssh-rsa AAAAB3NzaC1yc2EAAAADAQABAAABAQDKWIksqSJ2nTmDtS5CL7uM2HY1HEpafLX4fLaWEJ6r2L+ModNZ5L/lu0HmK0mJIQVoe/B//q2eM5sHkzFimWiAAz6AD0XrBimXRYEZCJpNd+qYFI18XB7I3kF0gcWp4RUFANM96bbShylSQOEmJ5nSBbwJ78Kw7dpapdCoAEnEBArMgdyWN4zt46Gpf5FOklgCs4aSk3NlrfGDP3RZLDngxO+yXXLtDwywD4hnAa9mc4rHtRHd0DqciUqLqYTiIAQsvvxJQdK15JdnodvjZQWKOKo8SZ5DtW64sQn+v0BRm39dVancKFuksRY5x2SFRGMrhXJA4//o9FcAh2fX+MAd root@ubuntu-xenial
-----END SSH HOST KEY KEYS-----
[   13.275095] cloud-init[1460]: Cloud-init v. 21.1-19-gbad84ad4-0ubuntu1~16.04.2 running 'modules:final' at Sun, 31 Jul 2022 00:02:01 +0000. Up 13.12 seconds.
[   13.276664] cloud-init[1460]: ci-info: no authorized SSH keys fingerprints found for user ubuntu.
[   13.277781] cloud-init[1460]: Cloud-init v. 21.1-19-gbad84ad4-0ubuntu1~16.04.2 finished at Sun, 31 Jul 2022 00:02:01 +0000. Datasource DataSourceNoCloud [seed=/dev/sdb][dsmode=net].  Up 13.26 seconds
[[0;32m  OK  [0m] Started Execute cloud user/final scripts.
[[0;32m  OK  [0m] Reached target Cloud-init target.

Ubuntu 16.04.7 LTS ubuntu-xenial ttyS0

ubuntu-xenial login: 