[    0.000000] Linux version 4.15.0-189-generic (buildd@lcy02-amd64-039) (gcc version 7.5.0 (Ubuntu 7.5.0-3ubuntu1~18.04)) #200-Ubuntu SMP Wed Jun 22 19:53:37 UTC 2022 (Ubuntu 4.15.0-189.200-generic 4.15.18)
[    0.000000] Command line: BOOT_IMAGE=/boot/vmlinuz-4.15.0-189-generic root=LABEL=cloudimg-rootfs ro console=tty1 console=ttyS0
[    0.000000] KERNEL supported cpus:
[    0.000000]   Intel GenuineIntel
[    0.000000]   AMD AuthenticAMD
[    0.000000]   Centaur CentaurHauls
[    0.000000] x86/fpu: Supporting XSAVE feature 0x001: 'x87 floating point registers'
[    0.000000] x86/fpu: Supporting XSAVE feature 0x002: 'SSE registers'
[    0.000000] x86/fpu: Supporting XSAVE feature 0x004: 'AVX registers'
[    0.000000] x86/fpu: xstate_offset[2]:  576, xstate_sizes[2]:  256
[    0.000000] x86/fpu: Enabled xstate features 0x7, context size is 832 bytes, using 'standard' format.
[    0.000000] e820: BIOS-provided physical RAM map:
[    0.000000] BIOS-e820: [mem 0x0000000000000000-0x000000000009fbff] usable
[    0.000000] BIOS-e820: [mem 0x000000000009fc00-0x000000000009ffff] reserved
[    0.000000] BIOS-e820: [mem 0x00000000000f0000-0x00000000000fffff] reserved
[    0.000000] BIOS-e820: [mem 0x0000000000100000-0x00000000dffeffff] usable
[    0.000000] BIOS-e820: [mem 0x00000000dfff0000-0x00000000dfffffff] ACPI data
[    0.000000] BIOS-e820: [mem 0x00000000fec00000-0x00000000fec00fff] reserved
[    0.000000] BIOS-e820: [mem 0x00000000fee00000-0x00000000fee00fff] reserved
[    0.000000] BIOS-e820: [mem 0x00000000fffc0000-0x00000000ffffffff] reserved
[    0.000000] BIOS-e820: [mem 0x0000000100000000-0x000000011fffffff] usable
[    0.000000] NX (Execute Disable) protection: active
[    0.000000] SMBIOS 2.5 present.
[    0.000000] DMI: innotek GmbH VirtualBox/VirtualBox, BIOS VirtualBox 12/01/2006
[    0.000000] Hypervisor detected: KVM
[    0.000000] e820: last_pfn = 0x120000 max_arch_pfn = 0x400000000
[    0.000000] MTRR: Disabled
[    0.000000] x86/PAT: MTRRs disabled, skipping PAT initialization too.
[    0.000000] CPU MTRRs all blank - virtualized system.
[    0.000000] x86/PAT: Configuration [0-7]: WB  WT  UC- UC  WB  WT  UC- UC  
[    0.000000] e820: last_pfn = 0xdfff0 max_arch_pfn = 0x400000000
[    0.000000] found SMP MP-table at [mem 0x0009fff0-0x0009ffff]
[    0.000000] Scanning 1 areas for low memory corruption
[    0.000000] RAMDISK: [mem 0x359c9000-0x36cdbfff]
[    0.000000] ACPI: Early table checksum verification disabled
[    0.000000] ACPI: RSDP 0x00000000000E0000 000024 (v02 VBOX  )
[    0.000000] ACPI: XSDT 0x00000000DFFF0030 00003C (v01 VBOX   VBOXXSDT 00000001 ASL  00000061)
[    0.000000] ACPI: FACP 0x00000000DFFF00F0 0000F4 (v04 VBOX   VBOXFACP 00000001 ASL  00000061)
[    0.000000] ACPI: DSDT 0x00000000DFFF0470 0022EA (v02 VBOX   VBOXBIOS 00000002 INTL 20100528)
[    0.000000] ACPI: FACS 0x00000000DFFF0200 000040
[    0.000000] ACPI: FACS 0x00000000DFFF0200 000040
[    0.000000] ACPI: APIC 0x00000000DFFF0240 00005C (v02 VBOX   VBOXAPIC 00000001 ASL  00000061)
[    0.000000] ACPI: SSDT 0x00000000DFFF02A0 0001CC (v01 VBOX   VBOXCPUT 00000002 INTL 20100528)
[    0.000000] ACPI: Reserving FACP table memory at [mem 0xdfff00f0-0xdfff01e3]
[    0.000000] ACPI: Reserving DSDT table memory at [mem 0xdfff0470-0xdfff2759]
[    0.000000] ACPI: Reserving FACS table memory at [mem 0xdfff0200-0xdfff023f]
[    0.000000] ACPI: Reserving FACS table memory at [mem 0xdfff0200-0xdfff023f]
[    0.000000] ACPI: Reserving APIC table memory at [mem 0xdfff0240-0xdfff029b]
[    0.000000] ACPI: Reserving SSDT table memory at [mem 0xdfff02a0-0xdfff046b]
[    0.000000] No NUMA configuration found
[    0.000000] Faking a node at [mem 0x0000000000000000-0x000000011fffffff]
[    0.000000] NODE_DATA(0) allocated [mem 0x11ffd5000-0x11fffffff]
[    0.000000] kvm-clock: cpu 0, msr 1:1ff54001, primary cpu clock
[    0.000000] kvm-clock: Using msrs 4b564d01 and 4b564d00
[    0.000000] kvm-clock: using sched offset of 3993929923 cycles
[    0.000000] clocksource: kvm-clock: mask: 0xffffffffffffffff max_cycles: 0x1cd42e4dffb, max_idle_ns: 881590591483 ns
[    0.000000] Zone ranges:
[    0.000000]   DMA      [mem 0x0000000000001000-0x0000000000ffffff]
[    0.000000]   DMA32    [mem 0x0000000001000000-0x00000000ffffffff]
[    0.000000]   Normal   [mem 0x0000000100000000-0x000000011fffffff]
[    0.000000]   Device   empty
[    0.000000] Movable zone start for each node
[    0.000000] Early memory node ranges
[    0.000000]   node   0: [mem 0x0000000000001000-0x000000000009efff]
[    0.000000]   node   0: [mem 0x0000000000100000-0x00000000dffeffff]
[    0.000000]   node   0: [mem 0x0000000100000000-0x000000011fffffff]
[    0.000000] Reserved but unavailable: 104 pages
[    0.000000] Initmem setup node 0 [mem 0x0000000000001000-0x000000011fffffff]
[    0.000000] ACPI: PM-Timer IO Port: 0x4008
[    0.000000] IOAPIC[0]: apic_id 2, version 32, address 0xfec00000, GSI 0-23
[    0.000000] ACPI: INT_SRC_OVR (bus 0 bus_irq 0 global_irq 2 dfl dfl)
[    0.000000] ACPI: INT_SRC_OVR (bus 0 bus_irq 9 global_irq 9 low level)
[    0.000000] Using ACPI (MADT) for SMP configuration information
[    0.000000] smpboot: Allowing 2 CPUs, 0 hotplug CPUs
[    0.000000] PM: Registered nosave memory: [mem 0x00000000-0x00000fff]
[    0.000000] PM: Registered nosave memory: [mem 0x0009f000-0x0009ffff]
[    0.000000] PM: Registered nosave memory: [mem 0x000a0000-0x000effff]
[    0.000000] PM: Registered nosave memory: [mem 0x000f0000-0x000fffff]
[    0.000000] PM: Registered nosave memory: [mem 0xdfff0000-0xdfffffff]
[    0.000000] PM: Registered nosave memory: [mem 0xe0000000-0xfebfffff]
[    0.000000] PM: Registered nosave memory: [mem 0xfec00000-0xfec00fff]
[    0.000000] PM: Registered nosave memory: [mem 0xfec01000-0xfedfffff]
[    0.000000] PM: Registered nosave memory: [mem 0xfee00000-0xfee00fff]
[    0.000000] PM: Registered nosave memory: [mem 0xfee01000-0xfffbffff]
[    0.000000] PM: Registered nosave memory: [mem 0xfffc0000-0xffffffff]
[    0.000000] e820: [mem 0xe0000000-0xfebfffff] available for PCI devices
[    0.000000] Booting paravirtualized kernel on KVM
[    0.000000] clocksource: refined-jiffies: mask: 0xffffffff max_cycles: 0xffffffff, max_idle_ns: 7645519600211568 ns
[    0.000000] random: get_random_bytes called from start_kernel+0x99/0x500 with crng_init=0
[    0.000000] setup_percpu: NR_CPUS:8192 nr_cpumask_bits:2 nr_cpu_ids:2 nr_node_ids:1
[    0.000000] percpu: Embedded 50 pages/cpu s167936 r8192 d28672 u1048576
[    0.000000] PV qspinlock hash table entries: 256 (order: 0, 4096 bytes)
[    0.000000] Built 1 zonelists, mobility grouping on.  Total pages: 1032057
[    0.000000] Policy zone: Normal
[    0.000000] Kernel command line: BOOT_IMAGE=/boot/vmlinuz-4.15.0-189-generic root=LABEL=cloudimg-rootfs ro console=tty1 console=ttyS0
[    0.000000] Memory: 4013268K/4193848K available (12300K kernel code, 2484K rwdata, 4324K rodata, 2468K init, 2724K bss, 180580K reserved, 0K cma-reserved)
[    0.000000] SLUB: HWalign=64, Order=0-3, MinObjects=0, CPUs=2, Nodes=1
[    0.000000] ftrace: allocating 39515 entries in 155 pages
[    0.004000] Hierarchical RCU implementation.
[    0.004000] 	RCU restricting CPUs from NR_CPUS=8192 to nr_cpu_ids=2.
[    0.004000] 	Tasks RCU enabled.
[    0.004000] RCU: Adjusting geometry for rcu_fanout_leaf=16, nr_cpu_ids=2
[    0.004000] NR_IRQS: 524544, nr_irqs: 440, preallocated irqs: 16
[    0.004000] Console: colour VGA+ 80x25
[    0.004000] console [tty1] enabled
[    0.004000] console [ttyS0] enabled
[    0.004000] ACPI: Core revision 20170831
[    0.004000] ACPI: 2 ACPI AML tables successfully acquired and loaded
[    0.004000] APIC: Switch to symmetric I/O mode setup
[    0.004000] x2apic enabled
[    0.004000] Switched APIC routing to physical x2apic.
[    0.004000] ..TIMER: vector=0x30 apic1=0 pin1=2 apic2=-1 pin2=-1
[    0.004004] tsc: Detected 2304.000 MHz processor
[    0.004745] Calibrating delay loop (skipped) preset value.. 4608.00 BogoMIPS (lpj=9216000)
[    0.005297] pid_max: default: 32768 minimum: 301
[    0.008030] Security Framework initialized
[    0.008709] Yama: becoming mindful.
[    0.009317] AppArmor: AppArmor initialized
[    0.016152] Dentry cache hash table entries: 524288 (order: 10, 4194304 bytes)
[    0.024000] Inode-cache hash table entries: 262144 (order: 9, 2097152 bytes)
[    0.024025] Mount-cache hash table entries: 8192 (order: 4, 65536 bytes)
[    0.025338] Mountpoint-cache hash table entries: 8192 (order: 4, 65536 bytes)
[    0.026875] Last level iTLB entries: 4KB 64, 2MB 8, 4MB 8
[    0.028002] Last level dTLB entries: 4KB 64, 2MB 0, 4MB 0, 1GB 4
[    0.029507] Spectre V1 : Mitigation: usercopy/swapgs barriers and __user pointer sanitization
[    0.031051] unchecked MSR access error: WRMSR to 0x48 (tried to write 0x0000000000000001) at rIP: 0xffffffffa206e1b8 (native_write_msr+0x8/0x30)
[    0.032002] Call Trace:
[    0.032498]  wrmsrl+0x16/0x20
[    0.033081]  check_bugs+0x2e3/0xa61
[    0.033716]  ? delayacct_init+0x52/0x70
[    0.036004]  start_kernel+0x4b8/0x500
[    0.036647]  x86_64_start_reservations+0x24/0x26
[    0.037304]  x86_64_start_kernel+0x74/0x77
[    0.037826]  secondary_startup_64+0xa5/0xb0
[    0.038368] Spectre V2 : Mitigation: Enhanced IBRS
[    0.039009] Spectre V2 : Spectre v2 / SpectreRSB mitigation: Filling RSB on context switch
[    0.040002] Speculative Store Bypass: Vulnerable
[    0.040595] TAA: Mitigation: TSX disabled
[    0.041098] MMIO Stale Data: Vulnerable: Clear CPU buffers attempted, no microcode
[    0.042025] SRBDS: Unknown: Dependent on hypervisor status
[    0.042834] Freeing SMP alternatives memory: 36K
[    0.153373] smpboot: CPU0: Intel(R) Core(TM) i7-10610U CPU @ 1.80GHz (family: 0x6, model: 0x8e, stepping: 0xc)
[    0.156000] Performance Events: unsupported p6 CPU model 142 no PMU driver, software events only.
[    0.156036] Hierarchical SRCU implementation.
[    0.157629] NMI watchdog: Perf event create on CPU 0 failed with -2
[    0.158791] NMI watchdog: Perf NMI watchdog permanently disabled
[    0.160038] smp: Bringing up secondary CPUs ...
[    0.164076] x86: Booting SMP configuration:
[    0.165001] .... node  #0, CPUs:      #1
[    0.004000] kvm-clock: cpu 1, msr 1:1ff54041, secondary cpu clock
[    0.170304] smp: Brought up 1 node, 2 CPUs
[    0.170304] smpboot: Max logical packages: 1
[    0.170304] smpboot: Total of 2 processors activated (9216.00 BogoMIPS)
[    0.172216] devtmpfs: initialized
[    0.172609] x86/mm: Memory block size: 128MB
[    0.173580] evm: security.selinux
[    0.174225] evm: security.SMACK64
[    0.174810] evm: security.SMACK64EXEC
[    0.176004] evm: security.SMACK64TRANSMUTE
[    0.176579] evm: security.SMACK64MMAP
[    0.177081] evm: security.apparmor
[    0.177517] evm: security.ima
[    0.177919] evm: security.capability
[    0.178422] clocksource: jiffies: mask: 0xffffffff max_cycles: 0xffffffff, max_idle_ns: 7645041785100000 ns
[    0.180008] futex hash table entries: 512 (order: 3, 32768 bytes)
[    0.181122] pinctrl core: initialized pinctrl subsystem
[    0.181904] RTC time:  1:07:42, date: 07/31/22
[    0.182630] NET: Registered protocol family 16
[    0.184054] audit: initializing netlink subsys (disabled)
[    0.184755] audit: type=2000 audit(1659229668.678:1): state=initialized audit_enabled=0 res=1
[    0.185396] cpuidle: using governor ladder
[    0.185396] cpuidle: using governor menu
[    0.185396] ACPI: bus type PCI registered
[    0.185623] acpiphp: ACPI Hot Plug PCI Controller Driver version: 0.5
[    0.188078] PCI: Using configuration type 1 for base access
[    0.188772] HugeTLB registered 2.00 MiB page size, pre-allocated 0 pages
[    0.188841] ACPI: Added _OSI(Module Device)
[    0.188841] ACPI: Added _OSI(Processor Device)
[    0.192006] ACPI: Added _OSI(3.0 _SCP Extensions)
[    0.193093] ACPI: Added _OSI(Processor Aggregator Device)
[    0.193834] ACPI: Added _OSI(Linux-Dell-Video)
[    0.194374] ACPI: Added _OSI(Linux-Lenovo-NV-HDMI-Audio)
[    0.195042] ACPI: Added _OSI(Linux-HPI-Hybrid-Graphics)
[    0.196219] ACPI: Executed 1 blocks of module-level executable AML code
[    0.200402] ACPI: Interpreter enabled
[    0.201054] ACPI: (supports S0 S5)
[    0.201566] ACPI: Using IOAPIC for interrupt routing
[    0.202325] PCI: Using host bridge windows from ACPI; if necessary, use "pci=nocrs" and report a bug
[    0.203548] ACPI: Enabled 2 GPEs in block 00 to 07
[    0.207934] ACPI: PCI Root Bridge [PCI0] (domain 0000 [bus 00-ff])
[    0.208004] acpi PNP0A03:00: _OSC: OS supports [ASPM ClockPM Segments MSI]
[    0.209149] acpi PNP0A03:00: _OSC: not requesting OS control; OS requires [ExtendedConfig ASPM ClockPM MSI]
[    0.210490] acpi PNP0A03:00: fail to add MMCONFIG information, can't access extended PCI configuration space under this bridge.
[    0.212215] PCI host bridge to bus 0000:00
[    0.212788] pci_bus 0000:00: root bus resource [io  0x0000-0x0cf7 window]
[    0.213662] pci_bus 0000:00: root bus resource [io  0x0d00-0xffff window]
[    0.214663] pci_bus 0000:00: root bus resource [mem 0x000a0000-0x000bffff window]
[    0.216002] pci_bus 0000:00: root bus resource [mem 0xe0000000-0xfdffffff window]
[    0.216894] pci_bus 0000:00: root bus resource [bus 00-ff]
[    0.218950] pci 0000:00:01.1: legacy IDE quirk: reg 0x10: [io  0x01f0-0x01f7]
[    0.220002] pci 0000:00:01.1: legacy IDE quirk: reg 0x14: [io  0x03f6]
[    0.220800] pci 0000:00:01.1: legacy IDE quirk: reg 0x18: [io  0x0170-0x0177]
[    0.221620] pci 0000:00:01.1: legacy IDE quirk: reg 0x1c: [io  0x0376]
[    0.249424] pci 0000:00:07.0: quirk: [io  0x4000-0x403f] claimed by PIIX4 ACPI
[    0.250593] pci 0000:00:07.0: quirk: [io  0x4100-0x410f] claimed by PIIX4 SMB
[    0.270382] ACPI: PCI Interrupt Link [LNKA] (IRQs 5 9 10 *11)
[    0.272058] ACPI: PCI Interrupt Link [LNKB] (IRQs 5 9 *10 11)
[    0.273122] ACPI: PCI Interrupt Link [LNKC] (IRQs 5 *9 10 11)
[    0.273964] ACPI: PCI Interrupt Link [LNKD] (IRQs 5 9 10 *11)
[    0.274981] SCSI subsystem initialized
[    0.275492] pci 0000:00:02.0: vgaarb: setting as boot VGA device
[    0.275492] pci 0000:00:02.0: vgaarb: VGA device added: decodes=io+mem,owns=io+mem,locks=none
[    0.276007] pci 0000:00:02.0: vgaarb: bridge control possible
[    0.276787] vgaarb: loaded
[    0.277208] ACPI: bus type USB registered
[    0.277711] usbcore: registered new interface driver usbfs
[    0.278497] usbcore: registered new interface driver hub
[    0.280013] usbcore: registered new device driver usb
[    0.280636] EDAC MC: Ver: 3.0.0
[    0.280636] PCI: Using ACPI for IRQ routing
[    0.280774] NetLabel: Initializing
[    0.281220] NetLabel:  domain hash size = 128
[    0.281739] NetLabel:  protocols = UNLABELED CIPSOv4 CALIPSO
[    0.282429] NetLabel:  unlabeled traffic allowed by default
[    0.284053] clocksource: Switched to clocksource kvm-clock
[    0.311280] VFS: Disk quotas dquot_6.6.0
[    0.312149] VFS: Dquot-cache hash table entries: 512 (order 0, 4096 bytes)
[    0.313367] AppArmor: AppArmor Filesystem Enabled
[    0.314303] pnp: PnP ACPI init
[    0.315980] pnp: PnP ACPI: found 3 devices
[    0.325623] clocksource: acpi_pm: mask: 0xffffff max_cycles: 0xffffff, max_idle_ns: 2085701024 ns
[    0.327475] NET: Registered protocol family 2
[    0.328457] IP idents hash table entries: 65536 (order: 7, 524288 bytes)
[    0.330247] TCP established hash table entries: 32768 (order: 6, 262144 bytes)
[    0.331555] TCP bind hash table entries: 32768 (order: 7, 524288 bytes)
[    0.332530] TCP: Hash tables configured (established 32768 bind 32768)
[    0.333458] UDP hash table entries: 2048 (order: 4, 65536 bytes)
[    0.334331] UDP-Lite hash table entries: 2048 (order: 4, 65536 bytes)
[    0.335293] NET: Registered protocol family 1
[    0.335920] pci 0000:00:00.0: Limiting direct PCI/PCI transfers
[    0.336784] pci 0000:00:01.0: Activating ISA DMA hang workarounds
[    0.337704] pci 0000:00:02.0: Video device with shadowed ROM at [mem 0x000c0000-0x000dffff]
[    0.338926] Unpacking initramfs...
[    0.789753] Freeing initrd memory: 19532K
[    0.791149] PCI-DMA: Using software bounce buffering for IO (SWIOTLB)
[    0.792562] software IO TLB: mapped [mem 0xdbff0000-0xdfff0000] (64MB)
[    0.793811] clocksource: tsc: mask: 0xffffffffffffffff max_cycles: 0x2135f7c97c8, max_idle_ns: 440795273205 ns
[    0.795526] platform rtc_cmos: registered platform RTC device (no PNP device found)
[    0.796862] Scanning for low memory corruption every 60 seconds
[    0.798333] Initialise system trusted keyrings
[    0.799069] Key type blacklist registered
[    0.799917] workingset: timestamp_bits=36 max_order=20 bucket_order=0
[    0.801917] zbud: loaded
[    0.802735] squashfs: version 4.0 (2009/01/31) Phillip Lougher
[    0.808759] fuse init (API version 7.26)
[    0.811000] Key type asymmetric registered
[    0.811690] Asymmetric key parser 'x509' registered
[    0.812534] Block layer SCSI generic (bsg) driver version 0.4 loaded (major 246)
[    0.813742] io scheduler noop registered
[    0.814391] io scheduler deadline registered
[    0.815081] io scheduler cfq registered (default)
[    0.816149] ACPI: AC Adapter [AC] (on-line)
[    0.816910] input: Power Button as /devices/LNXSYSTM:00/LNXPWRBN:00/input/input0
[    0.818164] ACPI: Power Button [PWRF]
[    0.818835] input: Sleep Button as /devices/LNXSYSTM:00/LNXSLPBN:00/input/input1
[    0.820033] ACPI: Sleep Button [SLPF]
[    0.821662] ACPI: Battery Slot [BAT0] (battery present)
[    0.822642] Serial: 8250/16550 driver, 32 ports, IRQ sharing enabled
[    0.844386] 00:02: ttyS0 at I/O 0x3f8 (irq = 4, base_baud = 115200) is a 16550A
[    0.847942] Linux agpgart interface v0.103
[    0.854178] loop: module loaded
[    0.855048] scsi host0: ata_piix
[    0.855656] scsi host1: ata_piix
[    0.856132] ata1: PATA max UDMA/33 cmd 0x1f0 ctl 0x3f6 bmdma 0xd000 irq 14
[    0.857446] ata2: PATA max UDMA/33 cmd 0x170 ctl 0x376 bmdma 0xd008 irq 15
[    0.858477] tun: Universal TUN/TAP device driver, 1.6
[    0.859534] PPP generic driver version 2.4.2
[    0.860218] ehci_hcd: USB 2.0 'Enhanced' Host Controller (EHCI) Driver
[    0.861462] ehci-pci: EHCI PCI platform driver
[    0.862071] ehci-platform: EHCI generic platform driver
[    0.862790] ohci_hcd: USB 1.1 'Open' Host Controller (OHCI) Driver
[    0.863819] ohci-pci: OHCI PCI platform driver
[    0.864641] ohci-platform: OHCI generic platform driver
[    0.865514] uhci_hcd: USB Universal Host Controller Interface driver
[    0.866617] i8042: PNP: PS/2 Controller [PNP0303:PS2K,PNP0f03:PS2M] at 0x60,0x64 irq 1,12
[    0.868130] serio: i8042 KBD port at 0x60,0x64 irq 1
[    0.868784] serio: i8042 AUX port at 0x60,0x64 irq 12
[    0.869588] mousedev: PS/2 mouse device common for all mice
[    0.871016] input: AT Translated Set 2 keyboard as /devices/platform/i8042/serio0/input/input2
[    0.872166] rtc_cmos rtc_cmos: rtc core: registered rtc_cmos as rtc0
[    0.873304] rtc_cmos rtc_cmos: alarms up to one day, 114 bytes nvram
[    0.874101] i2c /dev entries driver
[    0.874601] device-mapper: uevent: version 1.0.3
[    0.875325] device-mapper: ioctl: 4.37.0-ioctl (2017-09-20) initialised: dm-devel@redhat.com
[    0.876372] ledtrig-cpu: registered to indicate activity on CPUs
[    0.877338] NET: Registered protocol family 10
[    0.880466] Segment Routing with IPv6
[    0.881109] NET: Registered protocol family 17
[    0.882002] Key type dns_resolver registered
[    0.882887] mce: Using 0 MCE banks
[    0.883518] RAS: Correctable Errors collector initialized.
[    0.884482] sched_clock: Marking stable (884462298, 0)->(1411122367, -526660069)
[    0.886034] registered taskstats version 1
[    0.886711] Loading compiled-in X.509 certificates
[    0.889533] Loaded X.509 cert 'Build time autogenerated kernel key: 9c4811ffd453f4b0c13447eb15d717d926dfaff5'
[    0.891859] Loaded X.509 cert 'Canonical Ltd. Live Patch Signing: 14df34d1a87cf37625abec039ef2bf521249b969'
[    0.894350] Loaded X.509 cert 'Canonical Ltd. Kernel Module Signing: 88f752e560a1e0737e31163a466ad7b70a850c19'
[    0.896064] blacklist: Loading compiled-in revocation X.509 certificates
[    0.897298] Loaded X.509 cert 'Canonical Ltd. Secure Boot Signing: 61482aa2830d0ab2ad5af10b7250da9033ddcef0'
[    0.898963] zswap: loaded using pool lzo/zbud
[    0.909536] Key type big_key registered
[    0.910173] Key type trusted registered
[    0.912794] Key type encrypted registered
[    0.913504] AppArmor: AppArmor sha1 policy hashing enabled
[    0.914744] ima: No TPM chip found, activating TPM-bypass! (rc=-19)
[    0.915986] ima: Allocated hash algorithm: sha1
[    0.916976] evm: HMAC attrs: 0x1
[    0.917681]   Magic number: 14:503:105
[    0.918354] rtc_cmos rtc_cmos: setting system clock to 2022-07-31 01:07:43 UTC (1659229663)
[    0.920050] BIOS EDD facility v0.16 2004-Jun-25, 0 devices found
[    0.921174] EDD information not available.
[    1.019127] Freeing unused kernel image memory: 2468K
[    1.044471] Write protecting the kernel read-only data: 20480k
[    1.046057] Freeing unused kernel image memory: 2008K
[    1.047134] Freeing unused kernel image memory: 1820K
[    1.057415] x86/mm: Checked W+X mappings: passed, no W+X pages found.
Loading, please wait...
starting version 237
[    1.130794] e1000: Intel(R) PRO/1000 Network Driver - version 7.3.21-k8-NAPI
[    1.132637] e1000: Copyright (c) 1999-2006 Intel Corporation.
[    1.136194] Fusion MPT base driver 3.04.20
[    1.136748] Copyright (c) 1999-2008 LSI Corporation
[    1.155806] Fusion MPT SPI Host driver 3.04.20
[    1.166762] AVX2 version of gcm_enc/dec engaged.
[    1.167526] AES CTR mode by8 optimization enabled
[    1.347635] input: ImExPS/2 Generic Explorer Mouse as /devices/platform/i8042/serio1/input/input4
[    1.558809] e1000 0000:00:03.0 eth0: (PCI:33MHz:32-bit) 02:d7:28:fc:8d:bd
[    1.560864] e1000 0000:00:03.0 eth0: Intel(R) PRO/1000 Network Connection
[    1.563412] mptbase: ioc0: Initiating bringup
[    1.660558] ioc0: LSI53C1030 A0: Capabilities={Initiator}
[    1.901349] scsi host2: ioc0: LSI53C1030 A0, FwRev=00000000h, Ports=1, MaxQ=256, IRQ=20
[    2.069293] scsi 2:0:0:0: Direct-Access     VBOX     HARDDISK         1.0  PQ: 0 ANSI: 5
[    2.115456] scsi target2:0:0: Beginning Domain Validation
[    2.121173] scsi target2:0:0: Domain Validation skipping write tests
[    2.122378] scsi target2:0:0: Ending Domain Validation
[    2.123383] scsi target2:0:0: asynchronous
[    2.124684] scsi 2:0:1:0: Direct-Access     VBOX     HARDDISK         1.0  PQ: 0 ANSI: 5
[    2.400080] scsi target2:0:1: Beginning Domain Validation
[    2.402535] random: fast init done
[    2.403285] scsi target2:0:1: Domain Validation skipping write tests
[    2.404291] scsi target2:0:1: Ending Domain Validation
[    2.405178] scsi target2:0:1: asynchronous
[    2.408337] random: systemd-udevd: uninitialized urandom read (16 bytes read)
[    2.408385] sd 2:0:0:0: Attached scsi generic sg0 type 0
[    2.409321] random: systemd-udevd: uninitialized urandom read (16 bytes read)
[    2.410362] sd 2:0:1:0: Attached scsi generic sg1 type 0
[    2.411212] random: systemd-udevd: uninitialized urandom read (16 bytes read)
[    2.412951] sd 2:0:0:0: [sda] 83886080 512-byte logical blocks: (42.9 GB/40.0 GiB)
[    2.414018] sd 2:0:1:0: [sdb] 20480 512-byte logical blocks: (10.5 MB/10.0 MiB)
[    2.415012] sd 2:0:0:0: [sda] Write Protect is off
[    2.415690] sd 2:0:1:0: [sdb] Write Protect is off
[    2.418816] sd 2:0:0:0: [sda] Incomplete mode parameter data
[    2.419594] sd 2:0:0:0: [sda] Assuming drive cache: write through
[    2.420519] sd 2:0:1:0: [sdb] Incomplete mode parameter data
[    2.421259] sd 2:0:1:0: [sdb] Assuming drive cache: write through
[    2.424425]  sda: sda1
[    2.425259] sd 2:0:0:0: [sda] Attached SCSI disk
[    2.426314] sd 2:0:1:0: [sdb] Attached SCSI disk
[    2.490645] e1000 0000:00:08.0 eth1: (PCI:33MHz:32-bit) 08:00:27:bd:86:74
[    2.492550] e1000 0000:00:08.0 eth1: Intel(R) PRO/1000 Network Connection
[    2.495071] e1000 0000:00:08.0 enp0s8: renamed from eth1
[    2.508444] e1000 0000:00:03.0 enp0s3: renamed from eth0
Begin: Loading essential drivers ... [    3.920499] raid6: sse2x1   gen() 13724 MB/s
[    3.968314] raid6: sse2x1   xor()  8218 MB/s
[    4.016479] raid6: sse2x2   gen() 13727 MB/s
[    4.067306] raid6: sse2x2   xor() 10722 MB/s
[    4.112024] raid6: sse2x4   gen() 18771 MB/s
[    4.160176] raid6: sse2x4   xor() 10724 MB/s
[    4.208015] raid6: avx2x1   gen() 28368 MB/s
[    4.256281] raid6: avx2x1   xor() 13765 MB/s
[    4.304594] raid6: avx2x2   gen() 27011 MB/s
[    4.352014] raid6: avx2x2   xor() 18993 MB/s
[    4.400022] raid6: avx2x4   gen() 27857 MB/s
[    4.448831] raid6: avx2x4   xor() 22904 MB/s
[    4.449484] raid6: using algorithm avx2x1 gen() 28368 MB/s
[    4.450142] raid6: .... xor() 13765 MB/s, rmw enabled
[    4.450778] raid6: using avx2x2 recovery algorithm
[    4.452228] xor: automatically using best checksumming function   avx       
[    4.453830] async_tx: api initialized (async)
done.
Begin: Running /scripts/init-premount ... done.
Begin: Mounting root file system ... Begin: Running /scripts/local-top ... done.
Begin: Running /scripts/local-premount ... [    4.485394] Btrfs loaded, crc32c=crc32c-intel
Scanning for Btrfs filesystems
done.
Warning: fsck not present, so skipping root file system
[    4.507979] EXT4-fs (sda1): mounted filesystem with ordered data mode. Opts: (null)
done.
Begin: Running /scripts/local-bottom ... done.
Begin: Running /scripts/init-bottom ... done.
[    4.677979] ip_tables: (C) 2000-2006 Netfilter Core Team
[    4.685349] systemd[1]: systemd 237 running in system mode. (+PAM +AUDIT +SELINUX +IMA +APPARMOR +SMACK +SYSVINIT +UTMP +LIBCRYPTSETUP +GCRYPT +GNUTLS +ACL +XZ +LZ4 +SECCOMP +BLKID +ELFUTILS +KMOD -IDN2 +IDN -PCRE2 default-hierarchy=hybrid)
[    4.687767] systemd[1]: Detected virtualization oracle.
[    4.688413] systemd[1]: Detected architecture x86-64.

Welcome to [1mUbuntu 18.04.6 LTS[0m!

[    4.693336] systemd[1]: Set hostname to <ubuntu>.
[    4.697815] systemd[1]: Initializing machine ID from random generator.
[    4.698596] systemd[1]: Installed transient /etc/machine-id file.
[    4.957441] systemd[1]: Started Forward Password Requests to Wall Directory Watch.
[[0;32m  OK  [0m] Started Forward Password Requests to Wall Directory Watch.
[    4.959077] systemd[1]: Reached target Swap.
[[0;32m  OK  [0m] Reached target Swap.
[    4.961105] systemd[1]: Created slice System Slice.
[[0;32m  OK  [0m] Created slice System Slice.
[    4.962334] systemd[1]: Listening on Syslog Socket.
[[0;32m  OK  [0m] Listening on Syslog Socket.
[[0;32m  OK  [0m] Listening on Journal Audit Socket.
[[0;32m  OK  [0m] Listening on fsck to fsckd communication Socket.
[[0;32m  OK  [0m] Created slice system-serial\x2dgetty.slice.
[[0;32m  OK  [0m] Listening on udev Control Socket.
[[0;32m  OK  [0m] Listening on Device-mapper event daemon FIFOs.
[[0;32m  OK  [0m] Listening on Journal Socket (/dev/log).
[[0;32m  OK  [0m] Listening on LVM2 metadata daemon socket.
[[0;32m  OK  [0m] Listening on LVM2 poll daemon socket.
[[0;32m  OK  [0m] Listening on /dev/initctl Compatibility Named Pipe.
[[0;32m  OK  [0m] Listening on Network Service Netlink Socket.
[[0;32m  OK  [0m] Created slice User and Session Slice.
[[0;32m  OK  [0m] Reached target User and Group Name Lookups.
[[0;32m  OK  [0m] Listening on Journal Socket.
         Starting Load Kernel Modules...
         Mounting Kernel Debug File System...
         Mounting Huge Pages File System...
         Starting Monitoring of LVM2 mirrors…ng dmeventd or progress polling...
         Mounting POSIX Message Queue File System...
         Starting Create list of required st…ce nodes for the current kernel...
         Starting File System Check on Root Device...
[    4.992803] Loading iSCSI transport class v2.0-870.
         Starting Set the console keyboard layout...
[[0;32m  OK  [0m] Set up automount Arbitrary Executab…rmats File System Automount Point.
[[0;32m  OK  [0m] Reached target System Time Synchronized.
[[0;32m  OK  [0m] Reached target Slices.
[[0;32m  OK  [0m] Listening on udev Kernel Socket.
         Starting udev Coldplug all Devices...
         Starting Uncomplicated firewall...
         Starting Journal Service...
[[0;32m  OK  [0m] Started Create list of required sta…vice nodes for the current kernel.
[[0;32m  OK  [0m] Started LVM2 metadata daemon.
[[0;32m  OK  [0m] Started File System Check Daemon to report status.
         Starting Create Static Device Nodes in /dev...
[[0;32m  OK  [0m] Mounted Kernel Debug File System.
[[0;32m  OK  [0m] Mounted Huge Pages File System.
[[0;32m  OK  [0m] Mounted POSIX Message Queue File System.
[    5.080316] iscsi: registered transport (tcp)
[[0;32m  OK  [0m] Started Uncomplicated firewall.
[[0;32m  OK  [0m] Started udev Coldplug all Devices.
[[0;32m  OK  [0m] Started Journal Service.
[[0;32m  OK  [0m] Started Create Static Device Nodes in /dev.
[[0;32m  OK  [0m] Started File System Check on Root Device.
         Starting Remount Root and Kernel File Systems...
[    5.193160] iscsi: registered transport (iser)
[[0;32m  OK  [0m] Started Load Kernel Modules.
         Starting Apply Kernel Variables...
         Mounting Kernel Configuration File System...
         Mounting FUSE Control File System...
[[0;32m  OK  [0m] Mounted Kernel Configuration File System.
[[0;32m  OK  [0m] Mounted FUSE Control File System.
[[0;32m  OK  [0m] Started Remount Root and Kernel File Systems.
         Starting Load/Save Random Seed...
         Starting Flush Journal to Persistent Storage...
         Starting udev Kernel Device Manager...
[[0;32m  OK  [0m] Started Apply Kernel Variables.
[[0;32m  OK  [0m] Started Load/Save Random Seed.
[[0;32m  OK  [0m] Started udev Kernel Device Manager.
[[0;32m  OK  [0m] Started Monitoring of LVM2 mirrors,…sing dmeventd or progress polling.
[[0;32m  OK  [0m] Started Flush Journal to Persistent Storage.
[[0;32m  OK  [0m] Found device /dev/ttyS0.
[[0;32m  OK  [0m] Listening on Load/Save RF Kill Switch Status /dev/rfkill Watch.
[[0;32m  OK  [0m] Started Set the console keyboard layout.
[[0;32m  OK  [0m] Reached target Local File Systems (Pre).
[[0;32m  OK  [0m] Reached target Local File Systems.
         Starting Set console font and keymap...
         Starting Commit a transient machine-id on disk...
         Starting Tell Plymouth To Write Out Runtime Data...
         Starting AppArmor initialization...
         Starting Create Volatile Files and Directories...
         Starting ebtables ruleset management...
[[0;32m  OK  [0m] Started Dispatch Password Requests to Console Directory Watch.
[[0;32m  OK  [0m] Reached target Local Encrypted Volumes.
[[0;32m  OK  [0m] Started Tell Plymouth To Write Out Runtime Data.
[[0;32m  OK  [0m] Started Create Volatile Files and Directories.
         Starting Update UTMP about System Boot/Shutdown...
[[0;32m  OK  [0m] Started Update UTMP about System Boot/Shutdown.
[[0;32m  OK  [0m] Started Commit a transient machine-id on disk.
[[0;32m  OK  [0m] Started ebtables ruleset management.
[[0;32m  OK  [0m] Started AppArmor initialization.
         Starting Initial cloud-init job (pre-networking)...
         Starting Load AppArmor profiles managed internally by snapd...
[[0;32m  OK  [0m] Started Load AppArmor profiles managed internally by snapd.
[[0;32m  OK  [0m] Started Set console font and keymap.
[    7.881087] cloud-init[856]: Cloud-init v. 22.2-0ubuntu1~18.04.3 running 'init-local' at Sun, 31 Jul 2022 01:07:50 +0000. Up 7.59 seconds.
[[0;32m  OK  [0m] Started Initial cloud-init job (pre-networking).
[[0;32m  OK  [0m] Reached target Network (Pre).
         Starting Network Service...
[[0;32m  OK  [0m] Started Network Service.
         Starting Network Name Resolution...
         Starting Wait for Network to be Configured...
[[0;32m  OK  [0m] Started Network Name Resolution.
[[0;32m  OK  [0m] Reached target Network.
[[0;32m  OK  [0m] Reached target Host and Network Name Lookups.
[[0;32m  OK  [0m] Started Wait for Network to be Configured.
         Starting Initial cloud-init job (metadata service crawler)...
[    9.540566] cloud-init[992]: Cloud-init v. 22.2-0ubuntu1~18.04.3 running 'init' at Sun, 31 Jul 2022 01:07:51 +0000. Up 9.37 seconds.
[    9.542081] cloud-init[992]: ci-info: ++++++++++++++++++++++++++++++++++++++Net device info+++++++++++++++++++++++++++++++++++++++
[    9.543305] cloud-init[992]: ci-info: +--------+-------+----------------------------+---------------+--------+-------------------+
[    9.544656] cloud-init[992]: ci-info: | Device |   Up  |          Address           |      Mask     | Scope  |     Hw-Address    |
[    9.545964] cloud-init[992]: ci-info: +--------+-------+----------------------------+---------------+--------+-------------------+
[    9.547213] cloud-init[992]: ci-info: | enp0s3 |  True |         10.0.2.15          | 255.255.255.0 | global | 02:d7:28:fc:8d:bd |
[    9.560275] cloud-init[992]: ci-info: | enp0s3 |  True | fe80::d7:28ff:fefc:8dbd/64 |       .       |  link  | 02:d7:28:fc:8d:bd |
[    9.561369] cloud-init[992]: ci-info: | enp0s8 | False |             .              |       .       |   .    | 08:00:27:bd:86:74 |
[    9.562746] cloud-init[992]: ci-info: |   lo   |  True |         127.0.0.1          |   255.0.0.0   |  host  |         .         |
[    9.563917] cloud-init[992]: ci-info: |   lo   |  True |          ::1/128           |       .       |  host  |         .         |
[    9.565365] cloud-init[992]: ci-info: +--------+-------+----------------------------+---------------+--------+-------------------+
[    9.566548] cloud-init[992]: ci-info: ++++++++++++++++++++++++++++Route IPv4 info+++++++++++++++++++++++++++++
[    9.567621] cloud-init[992]: ci-info: +-------+-------------+----------+-----------------+-----------+-------+
[    9.568705] cloud-init[992]: ci-info: | Route | Destination | Gateway  |     Genmask     | Interface | Flags |
[    9.569709] cloud-init[992]: ci-info: +-------+-------------+----------+-----------------+-----------+-------+
[    9.570706] cloud-init[992]: ci-info: |   0   |   0.0.0.0   | 10.0.2.2 |     0.0.0.0     |   enp0s3  |   UG  |
[    9.571856] cloud-init[992]: ci-info: |   1   |   10.0.2.0  | 0.0.0.0  |  255.255.255.0  |   enp0s3  |   U   |
[    9.573093] cloud-init[992]: ci-info: |   2   |   10.0.2.2  | 0.0.0.0  | 255.255.255.255 |   enp0s3  |   UH  |
[    9.574064] cloud-init[992]: ci-info: +-------+-------------+----------+-----------------+-----------+-------+
[    9.575148] cloud-init[992]: ci-info: +++++++++++++++++++Route IPv6 info+++++++++++++++++++
[    9.576217] cloud-init[992]: ci-info: +-------+-------------+---------+-----------+-------+
[    9.577258] cloud-init[992]: ci-info: | Route | Destination | Gateway | Interface | Flags |
[    9.578295] cloud-init[992]: ci-info: +-------+-------------+---------+-----------+-------+
[    9.579400] cloud-init[992]: ci-info: |   1   |  fe80::/64  |    ::   |   enp0s3  |   U   |
[    9.580505] cloud-init[992]: ci-info: |   3   |    local    |    ::   |   enp0s3  |   U   |
[    9.581649] cloud-init[992]: ci-info: |   4   |   ff00::/8  |    ::   |   enp0s3  |   U   |
[    9.583035] cloud-init[992]: ci-info: +-------+-------------+---------+-----------+-------+
[   10.144319] cloud-init[992]: Generating public/private rsa key pair.
[   10.156169] cloud-init[992]: Your identification has been saved in /etc/ssh/ssh_host_rsa_key.
[   10.156965] cloud-init[992]: Your public key has been saved in /etc/ssh/ssh_host_rsa_key.pub.
[   10.168220] cloud-init[992]: The key fingerprint is:
[   10.180380] cloud-init[992]: SHA256:KdFQaadlc9fH24feSK/3wcWxPkdY5DQvcnhBL4BDRBo root@ubuntu-bionic
[   10.192164] cloud-init[992]: The key's randomart image is:
[[0;32m  OK  [0m[   10.204817] cloud-init] [992]: +---[RSA 2048]----+Started Initial cloud-init job (metadata service crawler).

[   10.204870] cloud-init[992]: |      ..E=+...o+o|
[   10.221768] cloud-init[992]: |       oooB .o.**|
[[   10.222240] cloud-init[992]: |      ..o= +o.=oO|
[   10.222303] cloud-init[992]: |       ...   +oB=|
[   10.222654] cloud-init[992]: |      . S    o.==|
[   10.223001] cloud-init[992]: |       .      =.+|
[   10.223339] cloud-init[992]: |               *.|
[   10.223560] cloud-init[992]: |              . =|
[   10.223784] cloud-init[992]: |               .o|
[   10.224030] cloud-init[992]: +----[SHA256]-----+
[   10.224360] cloud-init[992]: Generating public/private dsa key pair.
[   10.224681] cloud-init[992]: Your identification has been saved in /etc/ssh/ssh_host_dsa_key.
[   10.225015] cloud-init[992]: Your public key has been saved in /etc/ssh/ssh_host_dsa_key.pub.
[   10.225354] cloud-init[992]: The key fingerprint is:
[   10.225581] cloud-init[992]: SHA256:QHCQ6u7C6dHIaSjVQeCZzL+sH27edc7E9RVCyMxmPN4 root@ubuntu-bionic
[   10.225916] cloud-init[992]: The key's randomart image is:
[   10.226168] cloud-init[992]: +---[DSA 1024]----+
[   10.226507] cloud-init[992]: |  ..++o   = ..   |
[   10.226806] cloud-init[992]: | + +.o     X.    |
[   10.227129] cloud-init[992]: |  *.. .   + o. . |
[   10.227433] cloud-init[992]: |  .o . .   . E. .|
[   10.227736] cloud-init[992]: | .. o   S   .   .|
[   10.228261] cloud-init[992]: |o.=. .   . . . . |
[   10.228589] cloud-init[992]: |+B..+   . +   .  |
[   10.228888] cloud-init[992]: |+ooo.o . =       |
[   10.229198] cloud-init[992]: |.+o++ .   o      |
[   10.229495] cloud-init[992]: +----[SHA256]-----+
[   10.229800] cloud-init[992]: Generating public/private ecdsa key pair.
[   10.230138] cloud-init[992]: Your identification has been saved in /etc/ssh/ssh_host_ecdsa_key.
[   10.230489] cloud-init[992]: Your public key has been saved in /etc/ssh/ssh_host_ecdsa_key.pub.
[   10.230783] cloud-init[992]: The key fingerprint is:
[   10.231121] cloud-init[992]: SHA256:hNckgMIVKYTZAdnG/RPDOXfQ1gxxeYYwgfm9vEOSqbA root@ubuntu-bionic
[   10.231334] cloud-init[992]: The key's randomart image is:
[   10.231397] cloud-init[992]: +---[ECDSA 256]---+
[   10.231800] cloud-init[992]: |.@o+o=.oo=BB.o   |
[   10.232307] cloud-init[992]: |+ O + *.+++o= o  |
[0;32m  OK  [0m] Reached target Cloud-config availability.[   10.232348] 
cloud-init[992]: | . o ..=o+.. o   |
[[0;32m  OK  [0m[   10.238400] cloud-init[992]: |      oo  . .    |
[   10.238670] cloud-init[992]: |       .S  + .   |
[   10.239089] cloud-init[992]: |      .   + +    |
[   10.239519] cloud-init[992]: |       o . o .   |
[   10.239898] cloud-init[992]: |      E .   o    |
[   10.240349] cloud-init[992]: |             .   |
[   10.240639] cloud-init[992]: +----[SHA256]-----+
[   10.240967] cloud-init[992]: Generating public/private ed25519 key pair.
[   10.241263] cloud-init[992]: Your identification has been saved in /etc/ssh/ssh_host_ed25519_key.
[   10.241559] cloud-init[992]: Your public key has been saved in /etc/ssh/ssh_host_ed25519_key.pub.
[   10.241882] cloud-init[992]: The key fingerprint is:
[   10.242168] cloud-init[992]: SHA256:U5AujpW9xCRl9xIhJJ8GsitH9BsOKijtQpwGUrB/99U root@ubuntu-bionic
[   10.242494] cloud-init[992]: The key's randomart image is:
[   10.242838] cloud-init[992]: +--[ED25519 256]--+
[   10.243136] cloud-init[992]: |... o oo*.+.     |
[   10.243429] cloud-init[992]: | o . +.=o= o     |
[   10.243874] cloud-init[992]: |+   + oB+ o .    |
[   10.244266] cloud-init[992]: |=o.o +++=. o     |
[   10.244572] cloud-init[992]: |+== +++oS.. E    |
[   10.244911] cloud-init[992]: |+o +.....o       |
[   10.245201] cloud-init[992]: |. .     .        |
[   10.245494] cloud-init[992]: | .               |
[   10.245873] cloud-init[992]: |                 |
[   10.246144] cloud-init[992]: +----[SHA256]-----+
] Reached target System Initialization.
[[0;32m  OK  [0m] Listening on cloud-init hotplug hook socket.
[[0;32m  OK  [0m] Started Daily apt download activities.
[[0;32m  OK  [0m] Started Message of the Day.
[[0;32m  OK  [0m] Started ACPI Events Check.
[[0;32m  OK  [0m] Reached target Paths.
[[0;32m  OK  [0m] Listening on ACPID Listen Socket.
[[0;32m  OK  [0m] Listening on UUID daemon activation socket.
[[0;32m  OK  [0m] Started Ubuntu Advantage Timer for running repeated jobs.
         Starting Socket activation for snappy daemon.
[[0;32m  OK  [0m] Listening on D-Bus System Message Bus Socket.
[[0;32m  OK  [0m] Started Daily apt upgrade and clean activities.
         Starting LXD - unix socket.
[[0;32m  OK  [0m] Started Daily Cleanup of Temporary Directories.
[[0;32m  OK  [0m] Listening on Open-iSCSI iscsid Socket.
[[0;32m  OK  [0m] Started Discard unused blocks once a week.
[[0;32m  OK  [0m] Reached target Timers.
[[0;32m  OK  [0m] Reached target Network is Online.
[[0;32m  OK  [0m] Reached target Remote File Systems (Pre).
[[0;32m  OK  [0m] Reached target Remote File Systems.
         Starting Availability of block devices...
[[0;32m  OK  [0m] Listening on Socket activation for snappy daemon.
[[0;32m  OK  [0m] Listening on LXD - unix socket.
[[0;32m  OK  [0m] Reached target Sockets.
[[0;32m  OK  [0m] Reached target Basic System.
[[0;32m  OK  [0m] Started D-Bus System Message Bus.
         Starting Pollinate to seed the pseudo random number generator...
         Starting Login Service...
[[0;32m  OK  [0m] Started Regular background program processing daemon.
         Starting Virtualbox guest utils...
[[0;32m  OK  [0m] Started Deferred execution scheduler.
         Starting Permit User Sessions...
[[0;32m  OK  [0m] Started irqbalance daemon.
[[0;32m  OK  [0m] Started FUSE filesystem for LXC.
         Starting Accounts Service...
         Starting Snap Daemon...
         Starting System Logging Service...
         Starting Dispatcher daemon for systemd-networkd...
         Starting LSB: automatic crash report generation...
         Starting LSB: Record successful boot for GRUB...
         Starting LXD - container startup/shutdown...
[[0;32m  OK  [0m] Started Availability of block devices.
[[0;32m  OK  [0m] Started Permit User Sessions.
[[0;32m  OK  [0m] Started Login Service.
[[0;32m  OK  [0m] Started Unattended Upgrades Shutdown.
         Starting Terminate Plymouth Boot Screen...
         Starting Hold until boot process finishes up...
[[0;32m  OK  [0m] Started Hold until boot process finishes up.
         Starting Set console scheme...
[[0;32m  OK  [0m] Started Serial Getty on ttyS0.
[[0;32m  OK  [0m] Started Terminate Plymouth Boot Screen.
[[0;32m  OK  [0m] Started System Logging Service.
[[0;32m  OK  [0m] Started Set console scheme.
[[0;32m  OK  [0m] Created slice system-getty.slice.
[[0;32m  OK  [0m] Started Getty on tty1.
[[0;32m  OK  [0m] Reached target Login Prompts.
         Starting Authorization Manager...
[[0;32m  OK  [0m] Started Authorization Manager.
[[0;32m  OK  [0m] Started Accounts Service.
[[0;32m  OK  [0m] Started Virtualbox guest utils.
[[0;32m  OK  [0m] Started LSB: automatic crash report generation.
[[0;32m  OK  [0m] Started LSB: Record successful boot for GRUB.
[[0;32m  OK  [0m] Started LXD - container startup/shutdown.
[[0;32m  OK  [0m] Started Dispatcher daemon for systemd-networkd.
[[0;32m  OK  [0m] Started Snap Daemon.
         Starting Wait until snapd is fully seeded...
         Starting Time & Date Service...
[[0;32m  OK  [0m] Started Time & Date Service.
[[0;32m  OK  [0m] Started Pollinate to seed the pseudo random number generator.
         Starting OpenBSD Secure Shell server...
[[0;32m  OK  [0m] Started OpenBSD Secure Shell server.
[[0;32m  OK  [0m] Created slice User Slice of vagrant.
         Starting User Manager for UID 1000...
[[0;32m  OK  [0m] Started Session 1 of user vagrant.
[[0;32m  OK  [0m] Started User Manager for UID 1000.
[[0;32m  OK  [0m] Started Wait until snapd is fully seeded.
         Starting Apply the settings specified in cloud-config...
[   14.834748] cloud-init[1653]: Cloud-init v. 22.2-0ubuntu1~18.04.3 running 'modules:config' at Sun, 31 Jul 2022 01:07:57 +0000. Up 14.43 seconds.
[[0;32m  OK  [0m] Started Apply the settings specified in cloud-config.
[[0;32m  OK  [0m] Reached target Multi-User System.
[[0;32m  OK  [0m] Reached target Graphical Interface.
         Starting Update UTMP about System Runlevel Changes...
         Starting Execute cloud user/final scripts...
[[0;32m  OK  [0m] Started Update UTMP about System Runlevel Changes.
ci-info: no authorized SSH keys fingerprints found for user ubuntu.
<14>Jul 31 01:07:58 cloud-init: #############################################################
<14>Jul 31 01:07:58 cloud-init: -----BEGIN SSH HOST KEY FINGERPRINTS-----
<14>Jul 31 01:07:58 cloud-init: 1024 SHA256:QHCQ6u7C6dHIaSjVQeCZzL+sH27edc7E9RVCyMxmPN4 root@ubuntu-bionic (DSA)
<14>Jul 31 01:07:58 cloud-init: 256 SHA256:hNckgMIVKYTZAdnG/RPDOXfQ1gxxeYYwgfm9vEOSqbA root@ubuntu-bionic (ECDSA)
<14>Jul 31 01:07:58 cloud-init: 256 SHA256:U5AujpW9xCRl9xIhJJ8GsitH9BsOKijtQpwGUrB/99U root@ubuntu-bionic (ED25519)
<14>Jul 31 01:07:58 cloud-init: 2048 SHA256:KdFQaadlc9fH24feSK/3wcWxPkdY5DQvcnhBL4BDRBo root@ubuntu-bionic (RSA)
<14>Jul 31 01:07:58 cloud-init: -----END SSH HOST KEY FINGERPRINTS-----
<14>Jul 31 01:07:58 cloud-init: #############################################################
-----BEGIN SSH HOST KEY KEYS-----
ecdsa-sha2-nistp256 AAAAE2VjZHNhLXNoYTItbmlzdHAyNTYAAAAIbmlzdHAyNTYAAABBBNAskH1nff7Ph6+wodoWQXRMZIedes/TNrKI6wpUhXSfcIAs2kNNNs9IpFXN0Qspgvo/MeX0n1fxQKr3uIAhg0M= root@ubuntu-bionic
ssh-ed25519 AAAAC3NzaC1lZDI1NTE5AAAAIMYPspdhumJvZJuVoKrUe4MaHMWFtsxtQgFfXiVlrwgc root@ubuntu-bionic
ssh-rsa AAAAB3NzaC1yc2EAAAADAQABAAABAQDLI6WJURzHM3rwew/+LZNoh783a1JwTnBKplRMwc8oT6M4Yf9PRCrsA3N/ZcdyURMX9aRaiaGun7pmQt3naZN36l4b6yq3Uv4BdsyRiDVoyOdQzte0pFsC1Wey5HaIyzk8BrFJNaMj4TW9/HJKOce/mRIUzXWERLKGa8j8gVRWx6Qb4B6acrXAcueh92K/nr23WzVREsXK5rCJa8xcCzaKWUpAXoOytMgq7znxKzlxkP1Ok6fCudqgqSw/FibudiL5x6Lp/LgxwhevXXLmwbnSzRpoSq5TJ+DbIC7a1qjBAlNO12E44dh19pE5wc4N/o2nrRzzRXB1uzPORdR3UQYr root@ubuntu-bionic
-----END SSH HOST KEY KEYS-----
[   15.494973] cloud-init[1797]: Cloud-init v. 22.2-0ubuntu1~18.04.3 running 'modules:final' at Sun, 31 Jul 2022 01:07:57 +0000. Up 15.31 seconds.
[   15.495057] cloud-init[1797]: Cloud-init v. 22.2-0ubuntu1~18.04.3 finished at Sun, 31 Jul 2022 01:07:58 +0000. Datasource DataSourceNoCloud [seed=/dev/sdb][dsmode=net].  Up 15.48 seconds

Ubuntu 18.04.6 LTS ubuntu-bionic ttyS0

ubuntu-bionic login: [  240.607503] aufs aufs_fill_super:912:mount[6322]: no arg
[  240.626148] overlayfs: missing 'lowerdir'
