[    0.000000] Initializing cgroup subsys cpuset
[    0.000000] Initializing cgroup subsys cpu
[    0.000000] Initializing cgroup subsys cpuacct
[    0.000000] Linux version 4.4.0-210-generic (buildd@lgw01-amd64-009) (gcc version 5.4.0 20160609 (Ubuntu 5.4.0-6ubuntu1~16.04.12) ) #242-Ubuntu SMP Fri Apr 16 09:57:56 UTC 2021 (Ubuntu 4.4.0-210.242-generic 4.4.262)
[    0.000000] Command line: BOOT_IMAGE=/boot/vmlinuz-4.4.0-210-generic root=LABEL=cloudimg-rootfs ro console=tty1 console=ttyS0
[    0.000000] KERNEL supported cpus:
[    0.000000]   Intel GenuineIntel
[    0.000000]   AMD AuthenticAMD
[    0.000000]   Centaur CentaurHauls
[    0.000000] x86/fpu: xstate_offset[2]:  576, xstate_sizes[2]:  256
[    0.000000] x86/fpu: Supporting XSAVE feature 0x01: 'x87 floating point registers'
[    0.000000] x86/fpu: Supporting XSAVE feature 0x02: 'SSE registers'
[    0.000000] x86/fpu: Supporting XSAVE feature 0x04: 'AVX registers'
[    0.000000] x86/fpu: Enabled xstate features 0x7, context size is 832 bytes, using 'standard' format.
[    0.000000] e820: BIOS-provided physical RAM map:
[    0.000000] BIOS-e820: [mem 0x0000000000000000-0x000000000009fbff] usable
[    0.000000] BIOS-e820: [mem 0x000000000009fc00-0x000000000009ffff] reserved
[    0.000000] BIOS-e820: [mem 0x00000000000f0000-0x00000000000fffff] reserved
[    0.000000] BIOS-e820: [mem 0x0000000000100000-0x000000007ffeffff] usable
[    0.000000] BIOS-e820: [mem 0x000000007fff0000-0x000000007fffffff] ACPI data
[    0.000000] BIOS-e820: [mem 0x00000000fec00000-0x00000000fec00fff] reserved
[    0.000000] BIOS-e820: [mem 0x00000000fee00000-0x00000000fee00fff] reserved
[    0.000000] BIOS-e820: [mem 0x00000000fffc0000-0x00000000ffffffff] reserved
[    0.000000] NX (Execute Disable) protection: active
[    0.000000] SMBIOS 2.5 present.
[    0.000000] Hypervisor detected: KVM
[    0.000000] Kernel/User page tables isolation: disabled
[    0.000000] e820: last_pfn = 0x7fff0 max_arch_pfn = 0x400000000
[    0.000000] MTRR: Disabled
[    0.000000] x86/PAT: MTRRs disabled, skipping PAT initialization too.
[    0.000000] CPU MTRRs all blank - virtualized system.
[    0.000000] x86/PAT: Configuration [0-7]: WB  WT  UC- UC  WB  WT  UC- UC  
[    0.000000] found SMP MP-table at [mem 0x0009fff0-0x0009ffff] mapped at [ffff88000009fff0]
[    0.000000] Scanning 1 areas for low memory corruption
[    0.000000] RAMDISK: [mem 0x362dc000-0x37165fff]
[    0.000000] ACPI: Early table checksum verification disabled
[    0.000000] ACPI: RSDP 0x00000000000E0000 000024 (v02 VBOX  )
[    0.000000] ACPI: XSDT 0x000000007FFF0030 00003C (v01 VBOX   VBOXXSDT 00000001 ASL  00000061)
[    0.000000] ACPI: FACP 0x000000007FFF00F0 0000F4 (v04 VBOX   VBOXFACP 00000001 ASL  00000061)
[    0.000000] ACPI: DSDT 0x000000007FFF0470 0022EA (v02 VBOX   VBOXBIOS 00000002 INTL 20100528)
[    0.000000] ACPI: FACS 0x000000007FFF0200 000040
[    0.000000] ACPI: FACS 0x000000007FFF0200 000040
[    0.000000] ACPI: APIC 0x000000007FFF0240 00005C (v02 VBOX   VBOXAPIC 00000001 ASL  00000061)
[    0.000000] ACPI: SSDT 0x000000007FFF02A0 0001CC (v01 VBOX   VBOXCPUT 00000002 INTL 20100528)
[    0.000000] No NUMA configuration found
[    0.000000] Faking a node at [mem 0x0000000000000000-0x000000007ffeffff]
[    0.000000] NODE_DATA(0) allocated [mem 0x7ffeb000-0x7ffeffff]
[    0.000000] kvm-clock: Using msrs 4b564d01 and 4b564d00
[    0.000000] kvm-clock: cpu 0, msr 0:7ffe3001, primary cpu clock
[    0.000000] kvm-clock: using sched offset of 3838760879 cycles
[    0.000000] clocksource: kvm-clock: mask: 0xffffffffffffffff max_cycles: 0x1cd42e4dffb, max_idle_ns: 881590591483 ns
[    0.000000] Zone ranges:
[    0.000000]   DMA      [mem 0x0000000000001000-0x0000000000ffffff]
[    0.000000]   DMA32    [mem 0x0000000001000000-0x000000007ffeffff]
[    0.000000]   Normal   empty
[    0.000000]   Device   empty
[    0.000000] Movable zone start for each node
[    0.000000] Early memory node ranges
[    0.000000]   node   0: [mem 0x0000000000001000-0x000000000009efff]
[    0.000000]   node   0: [mem 0x0000000000100000-0x000000007ffeffff]
[    0.000000] Initmem setup node 0 [mem 0x0000000000001000-0x000000007ffeffff]
[    0.000000] ACPI: PM-Timer IO Port: 0x4008
[    0.000000] IOAPIC[0]: apic_id 2, version 32, address 0xfec00000, GSI 0-23
[    0.000000] ACPI: INT_SRC_OVR (bus 0 bus_irq 0 global_irq 2 dfl dfl)
[    0.000000] ACPI: INT_SRC_OVR (bus 0 bus_irq 9 global_irq 9 low level)
[    0.000000] Using ACPI (MADT) for SMP configuration information
[    0.000000] smpboot: Allowing 2 CPUs, 0 hotplug CPUs
[    0.000000] PM: Registered nosave memory: [mem 0x00000000-0x00000fff]
[    0.000000] PM: Registered nosave memory: [mem 0x0009f000-0x0009ffff]
[    0.000000] PM: Registered nosave memory: [mem 0x000a0000-0x000effff]
[    0.000000] PM: Registered nosave memory: [mem 0x000f0000-0x000fffff]
[    0.000000] e820: [mem 0x80000000-0xfebfffff] available for PCI devices
[    0.000000] Booting paravirtualized kernel on KVM
[    0.000000] clocksource: refined-jiffies: mask: 0xffffffff max_cycles: 0xffffffff, max_idle_ns: 7645519600211568 ns
[    0.000000] setup_percpu: NR_CPUS:512 nr_cpumask_bits:512 nr_cpu_ids:2 nr_node_ids:1
[    0.000000] PERCPU: Embedded 33 pages/cpu @ffff88007fc00000 s95192 r8192 d31784 u1048576
[    0.000000] Built 1 zonelists in Node order, mobility grouping on.  Total pages: 515960
[    0.000000] Policy zone: DMA32
[    0.000000] Kernel command line: BOOT_IMAGE=/boot/vmlinuz-4.4.0-210-generic root=LABEL=cloudimg-rootfs ro console=tty1 console=ttyS0
[    0.000000] PID hash table entries: 4096 (order: 3, 32768 bytes)
[    0.000000] Memory: 2029984K/2096696K available (8644K kernel code, 1332K rwdata, 4044K rodata, 1492K init, 1164K bss, 66712K reserved, 0K cma-reserved)
[    0.000000] SLUB: HWalign=64, Order=0-3, MinObjects=0, CPUs=2, Nodes=1
[    0.000000] Hierarchical RCU implementation.
[    0.000000] 	Build-time adjustment of leaf fanout to 64.
[    0.000000] 	RCU restricting CPUs from NR_CPUS=512 to nr_cpu_ids=2.
[    0.000000] RCU: Adjusting geometry for rcu_fanout_leaf=64, nr_cpu_ids=2
[    0.000000] NR_IRQS:33024 nr_irqs:440 16
[    0.000000] Console: colour VGA+ 80x25
[    0.000000] console [tty1] enabled
[    0.000000] console [ttyS0] enabled
[    0.000000] tsc: Detected 2304.000 MHz processor
[    0.358501] Calibrating delay loop (skipped) preset value.. 4608.00 BogoMIPS (lpj=9216000)
[    0.360256] pid_max: default: 32768 minimum: 301
[    0.361287] ACPI: Core revision 20150930
[    0.362978] ACPI: 2 ACPI AML tables successfully acquired and loaded
[    0.364178] Security Framework initialized
[    0.365026] Yama: becoming mindful.
[    0.365724] AppArmor: AppArmor initialized
[    0.369254] Dentry cache hash table entries: 262144 (order: 9, 2097152 bytes)
[    0.371729] Inode-cache hash table entries: 131072 (order: 8, 1048576 bytes)
[    0.373208] Mount-cache hash table entries: 4096 (order: 3, 32768 bytes)
[    0.374348] Mountpoint-cache hash table entries: 4096 (order: 3, 32768 bytes)
[    0.379239] Initializing cgroup subsys io
[    0.380264] Initializing cgroup subsys memory
[    0.381152] Initializing cgroup subsys devices
[    0.382059] Initializing cgroup subsys freezer
[    0.382946] Initializing cgroup subsys net_cls
[    0.383853] Initializing cgroup subsys perf_event
[    0.384668] Initializing cgroup subsys net_prio
[    0.385559] Initializing cgroup subsys hugetlb
[    0.386512] Initializing cgroup subsys pids
[    0.388507] mce: CPU supports 0 MCE banks
[    0.389366] Last level iTLB entries: 4KB 64, 2MB 8, 4MB 8
[    0.390438] Last level dTLB entries: 4KB 64, 2MB 0, 4MB 0, 1GB 4
[    0.391548] Spectre V1 : Mitigation: usercopy/swapgs barriers and __user pointer sanitization
[    0.393344] Spectre V2 : Mitigation: Enhanced IBRS
[    0.394322] Spectre V2 : Spectre v2 / SpectreRSB mitigation: Filling RSB on context switch
[    0.395977] Speculative Store Bypass: Vulnerable
[    0.397000] TAA: Mitigation: TSX disabled
[    0.398210] SRBDS: Mitigation: TSX disabled
[    0.406437] Freeing SMP alternatives memory: 36K
[    0.414529] ftrace: allocating 32380 entries in 127 pages
[    0.509788] smpboot: APIC(0) Converting physical 0 to logical package 0
[    0.512721] smpboot: Max logical packages: 1
[    0.516453] x2apic enabled
[    0.518724] Switched APIC routing to physical x2apic.
[    0.523537] ..TIMER: vector=0x30 apic1=0 pin1=2 apic2=-1 pin2=-1
[    0.633895] smpboot: CPU0: Intel(R) Core(TM) i7-10610U CPU @ 1.80GHz (family: 0x6, model: 0x8e, stepping: 0xc)
[    0.636018] Performance Events: unsupported p6 CPU model 142 no PMU driver, software events only.
[    0.644643] KVM setup paravirtual spinlock
[    0.646196] x86: Booting SMP configuration:
[    0.647117] .... node  #0, CPUs:      #1
[    0.647966] kvm-clock: cpu 1, msr 0:7ffe3041, secondary cpu clock
[    0.650259] mce: CPU supports 0 MCE banks
[    0.652688] x86: Booted up 1 node, 2 CPUs
[    0.653789] smpboot: Total of 2 processors activated (9216.00 BogoMIPS)
[    0.655513] devtmpfs: initialized
[    0.659047] evm: security.selinux
[    0.659843] evm: security.SMACK64
[    0.660635] evm: security.SMACK64EXEC
[    0.661522] evm: security.SMACK64TRANSMUTE
[    0.662493] evm: security.SMACK64MMAP
[    0.663375] evm: security.ima
[    0.664109] evm: security.capability
[    0.665037] clocksource: jiffies: mask: 0xffffffff max_cycles: 0xffffffff, max_idle_ns: 7645041785100000 ns
[    0.666608] futex hash table entries: 512 (order: 3, 32768 bytes)
[    0.667681] pinctrl core: initialized pinctrl subsystem
[    0.668610] RTC time: 15:37:51, date: 07/30/22
[    0.669557] NET: Registered protocol family 16
[    0.683327] cpuidle: using governor ladder
[    0.696000] cpuidle: using governor menu
[    0.697699] PCCT header not found.
[    0.699727] ACPI: bus type PCI registered
[    0.700882] acpiphp: ACPI Hot Plug PCI Controller Driver version: 0.5
[    0.702557] PCI: Using configuration type 1 for base access
[    0.716839] ACPI: Added _OSI(Module Device)
[    0.717715] ACPI: Added _OSI(Processor Device)
[    0.718553] ACPI: Added _OSI(3.0 _SCP Extensions)
[    0.719364] ACPI: Added _OSI(Processor Aggregator Device)
[    0.721535] ACPI: Executed 1 blocks of module-level executable AML code
[    0.731299] ACPI: Interpreter enabled
[    0.732282] ACPI: (supports S0 S5)
[    0.733081] ACPI: Using IOAPIC for interrupt routing
[    0.735596] PCI: Using host bridge windows from ACPI; if necessary, use "pci=nocrs" and report a bug
[    0.747449] ACPI: PCI Root Bridge [PCI0] (domain 0000 [bus 00-ff])
[    0.748835] acpi PNP0A03:00: _OSC: OS supports [ASPM ClockPM Segments MSI]
[    0.750836] acpi PNP0A03:00: _OSC: not requesting OS control; OS requires [ExtendedConfig ASPM ClockPM MSI]
[    0.752975] acpi PNP0A03:00: fail to add MMCONFIG information, can't access extended PCI configuration space under this bridge.
[    0.755749] PCI host bridge to bus 0000:00
[    0.756807] pci_bus 0000:00: root bus resource [io  0x0000-0x0cf7 window]
[    0.758146] pci_bus 0000:00: root bus resource [io  0x0d00-0xffff window]
[    0.759612] pci_bus 0000:00: root bus resource [mem 0x000a0000-0x000bffff window]
[    0.762068] pci_bus 0000:00: root bus resource [mem 0x80000000-0xfdffffff window]
[    0.763858] pci_bus 0000:00: root bus resource [bus 00-ff]
[    0.766931] pci 0000:00:01.1: legacy IDE quirk: reg 0x10: [io  0x01f0-0x01f7]
[    0.768317] pci 0000:00:01.1: legacy IDE quirk: reg 0x14: [io  0x03f6]
[    0.769491] pci 0000:00:01.1: legacy IDE quirk: reg 0x18: [io  0x0170-0x0177]
[    0.797647] pci 0000:00:01.1: legacy IDE quirk: reg 0x1c: [io  0x0376]
[    0.836093] pci 0000:00:07.0: quirk: [io  0x4000-0x403f] claimed by PIIX4 ACPI
[    0.839524] pci 0000:00:07.0: quirk: [io  0x4100-0x410f] claimed by PIIX4 SMB
[    0.866066] ACPI: PCI Interrupt Link [LNKA] (IRQs 5 9 10 *11)
[    0.871468] ACPI: PCI Interrupt Link [LNKB] (IRQs 5 9 *10 11)
[    0.874943] ACPI: PCI Interrupt Link [LNKC] (IRQs 5 *9 10 11)
[    0.876716] ACPI: PCI Interrupt Link [LNKD] (IRQs 5 9 10 *11)
[    0.879034] ACPI: Enabled 2 GPEs in block 00 to 07
[    0.880379] vgaarb: setting as boot device: PCI:0000:00:02.0
[    0.881594] vgaarb: device added: PCI:0000:00:02.0,decodes=io+mem,owns=io+mem,locks=none
[    0.883419] vgaarb: loaded
[    0.884195] vgaarb: bridge control possible 0000:00:02.0
[    0.885456] SCSI subsystem initialized
[    0.886359] ACPI: bus type USB registered
[    0.887114] usbcore: registered new interface driver usbfs
[    0.888449] usbcore: registered new interface driver hub
[    0.889504] usbcore: registered new device driver usb
[    0.890617] PCI: Using ACPI for IRQ routing
[    0.891591] NetLabel: Initializing
[    0.892938] NetLabel:  domain hash size = 128
[    0.894032] NetLabel:  protocols = UNLABELED CIPSOv4
[    0.895015] NetLabel:  unlabeled traffic allowed by default
[    0.896294] amd_nb: Cannot enumerate AMD northbridges
[    0.897384] clocksource: Switched to clocksource kvm-clock
[    0.913601] AppArmor: AppArmor Filesystem Enabled
[    0.914695] pnp: PnP ACPI init
[    0.916305] pnp: PnP ACPI: found 3 devices
[    0.927250] clocksource: acpi_pm: mask: 0xffffff max_cycles: 0xffffff, max_idle_ns: 2085701024 ns
[    0.929909] NET: Registered protocol family 2
[    0.931079] TCP established hash table entries: 16384 (order: 5, 131072 bytes)
[    0.932645] TCP bind hash table entries: 16384 (order: 6, 262144 bytes)
[    0.934016] TCP: Hash tables configured (established 16384 bind 16384)
[    0.935005] UDP hash table entries: 1024 (order: 3, 32768 bytes)
[    0.935910] UDP-Lite hash table entries: 1024 (order: 3, 32768 bytes)
[    0.937161] NET: Registered protocol family 1
[    0.938186] pci 0000:00:00.0: Limiting direct PCI/PCI transfers
[    0.939413] pci 0000:00:01.0: Activating ISA DMA hang workarounds
[    0.940902] Unpacking initramfs...
[    1.593238] Freeing initrd memory: 14888K
[    1.595076] clocksource: tsc: mask: 0xffffffffffffffff max_cycles: 0x2135f7c97c8, max_idle_ns: 440795273205 ns
[    1.596724] platform rtc_cmos: registered platform RTC device (no PNP device found)
[    1.598068] Scanning for low memory corruption every 60 seconds
[    1.599577] audit: initializing netlink subsys (disabled)
[    1.600338] audit: type=2000 audit(1659195477.643:1): initialized
[    1.601554] Initialise system trusted keyring
[    1.602670] HugeTLB registered 2 MB page size, pre-allocated 0 pages
[    1.605121] zbud: loaded
[    1.605889] VFS: Disk quotas dquot_6.6.0
[    1.606728] VFS: Dquot-cache hash table entries: 512 (order 0, 4096 bytes)
[    1.608184] squashfs: version 4.0 (2009/01/31) Phillip Lougher
[    1.609619] fuse init (API version 7.23)
[    1.610596] Key type big_key registered
[    1.611510] Allocating IMA MOK and blacklist keyrings.
[    1.614327] Key type asymmetric registered
[    1.615108] Asymmetric key parser 'x509' registered
[    1.616105] Block layer SCSI generic (bsg) driver version 0.4 loaded (major 249)
[    1.617694] io scheduler noop registered
[    1.618551] io scheduler deadline registered (default)
[    1.619549] io scheduler cfq registered
[    1.620475] pci_hotplug: PCI Hot Plug PCI Core version: 0.5
[    1.621575] pciehp: PCI Express Hot Plug Controller Driver version: 0.4
[    1.622928] ACPI: AC Adapter [AC] (off-line)
[    1.623888] input: Power Button as /devices/LNXSYSTM:00/LNXPWRBN:00/input/input0
[    1.625443] ACPI: Power Button [PWRF]
[    1.626313] input: Sleep Button as /devices/LNXSYSTM:00/LNXSLPBN:00/input/input1
[    1.627890] ACPI: Sleep Button [SLPF]
[    1.628842] GHES: HEST is not enabled!
[    1.629340] ACPI: Battery Slot [BAT0] (battery present)
[    1.630885] Serial: 8250/16550 driver, 32 ports, IRQ sharing enabled
[    1.652837] 00:02: ttyS0 at I/O 0x3f8 (irq = 4, base_baud = 115200) is a 16550A
[    1.659141] Linux agpgart interface v0.103
[    1.673188] loop: module loaded
[    1.674192] scsi host0: ata_piix
[    1.674906] scsi host1: ata_piix
[    1.675496] ata1: PATA max UDMA/33 cmd 0x1f0 ctl 0x3f6 bmdma 0xd000 irq 14
[    1.676669] ata2: PATA max UDMA/33 cmd 0x170 ctl 0x376 bmdma 0xd008 irq 15
[    1.678649] libphy: Fixed MDIO Bus: probed
[    1.679527] tun: Universal TUN/TAP device driver, 1.6
[    1.680536] tun: (C) 1999-2004 Max Krasnyansky <maxk@qualcomm.com>
[    1.681809] PPP generic driver version 2.4.2
[    1.682770] ehci_hcd: USB 2.0 'Enhanced' Host Controller (EHCI) Driver
[    1.683711] ehci-pci: EHCI PCI platform driver
[    1.684434] ehci-platform: EHCI generic platform driver
[    1.685484] ohci_hcd: USB 1.1 'Open' Host Controller (OHCI) Driver
[    1.686636] ohci-pci: OHCI PCI platform driver
[    1.687546] ohci-platform: OHCI generic platform driver
[    1.688563] uhci_hcd: USB Universal Host Controller Interface driver
[    1.689820] i8042: PNP: PS/2 Controller [PNP0303:PS2K,PNP0f03:PS2M] at 0x60,0x64 irq 1,12
[    1.692022] serio: i8042 KBD port at 0x60,0x64 irq 1
[    1.693049] serio: i8042 AUX port at 0x60,0x64 irq 12
[    1.694299] mousedev: PS/2 mouse device common for all mice
[    1.695735] input: AT Translated Set 2 keyboard as /devices/platform/i8042/serio0/input/input2
[    1.697950] rtc_cmos rtc_cmos: rtc core: registered rtc_cmos as rtc0
[    1.699212] rtc_cmos rtc_cmos: alarms up to one day, 114 bytes nvram
[    1.700429] i2c /dev entries driver
[    1.701273] device-mapper: uevent: version 1.0.3
[    1.702366] device-mapper: ioctl: 4.34.0-ioctl (2015-10-28) initialised: dm-devel@redhat.com
[    1.704042] ledtrig-cpu: registered to indicate activity on CPUs
[    1.705374] NET: Registered protocol family 10
[    1.706489] NET: Registered protocol family 17
[    1.707433] Key type dns_resolver registered
[    1.708737] registered taskstats version 1
[    1.709610] Loading compiled-in X.509 certificates
[    1.711404] Loaded X.509 cert 'Build time autogenerated kernel key: cf00e047681d67edb2720680708b7d9498083038'
[    1.713446] zswap: loaded using pool lzo/zbud
[    1.715605] Key type trusted registered
[    1.718377] Key type encrypted registered
[    1.719290] AppArmor: AppArmor sha1 policy hashing enabled
[    1.720409] ima: No TPM chip found, activating TPM-bypass!
[    1.721531] ima: Allocated hash algorithm: sha1
[    1.722611] evm: HMAC attrs: 0x1
[    1.723738]   Magic number: 14:433:640
[    1.724706] rtc_cmos rtc_cmos: setting system clock to 2022-07-30 15:37:52 UTC (1659195472)
[    1.726687] BIOS EDD facility v0.16 2004-Jun-25, 0 devices found
[    1.727901] EDD information not available.
[    1.837353] Freeing unused kernel memory: 1492K
[    1.840544] Write protecting the kernel read-only data: 14336k
[    1.845551] Freeing unused kernel memory: 1584K
[    1.848547] Freeing unused kernel memory: 52K
Loading, please wait...
starting version 229
[    1.872955] random: systemd-udevd: uninitialized urandom read (16 bytes read, 3 bits of entropy available)
[    1.873659] random: udevadm: uninitialized urandom read (16 bytes read, 3 bits of entropy available)
[    1.873684] random: udevadm: uninitialized urandom read (16 bytes read, 3 bits of entropy available)
[    1.883301] random: systemd-udevd: uninitialized urandom read (16 bytes read, 3 bits of entropy available)
[    1.883626] random: udevadm: uninitialized urandom read (16 bytes read, 3 bits of entropy available)
[    1.883659] random: udevadm: uninitialized urandom read (16 bytes read, 3 bits of entropy available)
[    1.883761] random: udevadm: uninitialized urandom read (16 bytes read, 3 bits of entropy available)
[    1.883799] random: udevadm: uninitialized urandom read (16 bytes read, 3 bits of entropy available)
[    1.883837] random: udevadm: uninitialized urandom read (16 bytes read, 3 bits of entropy available)
[    1.883875] random: udevadm: uninitialized urandom read (16 bytes read, 3 bits of entropy available)
[    1.938235] e1000: Intel(R) PRO/1000 Network Driver - version 7.3.21-k8-NAPI
[    1.941649] e1000: Copyright (c) 1999-2006 Intel Corporation.
[    1.948936] Fusion MPT base driver 3.04.20
[    1.950058] Copyright (c) 1999-2008 LSI Corporation
[    1.960325] Fusion MPT SPI Host driver 3.04.20
[    1.971635] AVX2 version of gcm_enc/dec engaged.
[    1.974622] AES CTR mode by8 optimization enabled
[    2.157439] input: ImExPS/2 Generic Explorer Mouse as /devices/platform/i8042/serio1/input/input4
[    2.473701] e1000 0000:00:03.0 eth0: (PCI:33MHz:32-bit) 02:be:82:6b:cc:1d
[    2.478653] e1000 0000:00:03.0 eth0: Intel(R) PRO/1000 Network Connection
[    2.942906] e1000 0000:00:08.0 eth1: (PCI:33MHz:32-bit) 08:00:27:83:62:d4
[    2.946295] e1000 0000:00:08.0 eth1: Intel(R) PRO/1000 Network Connection
[    2.952239] e1000 0000:00:03.0 enp0s3: renamed from eth0
[    2.955740] mptbase: ioc0: Initiating bringup
[    2.970350] e1000 0000:00:08.0 enp0s8: renamed from eth1
[    3.022181] ioc0: LSI53C1030 A0: Capabilities={Initiator}
[    3.189941] scsi host2: ioc0: LSI53C1030 A0, FwRev=00000000h, Ports=1, MaxQ=256, IRQ=20
[    3.306392] scsi 2:0:0:0: Direct-Access     VBOX     HARDDISK         1.0  PQ: 0 ANSI: 5
[    3.311482] scsi target2:0:0: Beginning Domain Validation
[    3.317104] scsi target2:0:0: Domain Validation skipping write tests
[    3.319316] scsi target2:0:0: Ending Domain Validation
[    3.320509] scsi target2:0:0: asynchronous
[    3.322050] scsi 2:0:1:0: Direct-Access     VBOX     HARDDISK         1.0  PQ: 0 ANSI: 5
[    3.344159] scsi target2:0:1: Beginning Domain Validation
[    3.349512] scsi target2:0:1: Domain Validation skipping write tests
[    3.353057] scsi target2:0:1: Ending Domain Validation
[    3.355170] scsi target2:0:1: asynchronous
[    3.370254] sd 2:0:0:0: [sda] 83886080 512-byte logical blocks: (42.9 GB/40.0 GiB)
[    3.370488] sd 2:0:0:0: Attached scsi generic sg0 type 0
[    3.374879] sd 2:0:0:0: [sda] Write Protect is off
[    3.375105] sd 2:0:1:0: Attached scsi generic sg1 type 0
[    3.377465] sd 2:0:1:0: [sdb] 20480 512-byte logical blocks: (10.5 MB/10.0 MiB)
[    3.377840] sd 2:0:0:0: [sda] Incomplete mode parameter data
[    3.377841] sd 2:0:0:0: [sda] Assuming drive cache: write through
[    3.379259]  sda: sda1
[    3.379771] sd 2:0:0:0: [sda] Attached SCSI disk
[    3.384401] sd 2:0:1:0: [sdb] Write Protect is off
[    3.385464] sd 2:0:1:0: [sdb] Incomplete mode parameter data
[    3.386509] sd 2:0:1:0: [sdb] Assuming drive cache: write through
[    3.390314] sd 2:0:1:0: [sdb] Attached SCSI disk
Begin: Loading essential drivers ... [    5.120353] md: linear personality registered for level -1
[    5.126457] md: multipath personality registered for level -4
[    5.132904] md: raid0 personality registered for level 0
[    5.139329] md: raid1 personality registered for level 1
[    5.213899] raid6: sse2x1   gen()  2666 MB/s
[    5.281491] raid6: sse2x1   xor()  1991 MB/s
[    5.349544] raid6: sse2x2   gen()  3576 MB/s
[    5.417666] raid6: sse2x2   xor()  2722 MB/s
[    5.485529] raid6: sse2x4   gen()  5627 MB/s
[    5.553441] raid6: sse2x4   xor()  3292 MB/s
[    5.621543] raid6: avx2x1   gen()  6151 MB/s
[    5.689873] raid6: avx2x2   gen()  6971 MB/s
[    5.757640] raid6: avx2x4   gen()  7706 MB/s
[    5.759296] raid6: using algorithm avx2x4 gen() 7706 MB/s
[    5.761063] raid6: using avx2x2 recovery algorithm
[    5.765460] xor: automatically using best checksumming function:
[    5.805801]    avx       : 13039.000 MB/sec
[    5.809797] async_tx: api initialized (async)
[    5.836358] md: raid6 personality registered for level 6
[    5.838235] md: raid5 personality registered for level 5
[    5.839094] md: raid4 personality registered for level 4
[    5.845320] md: raid10 personality registered for level 10
done.
Begin: Running /scripts/init-premount ... done.
Begin: Mounting root file system ... Begin: Running /scripts/local-top ... done.
Begin: Running /scripts/local-premount ... [    5.889171] Btrfs loaded
Scanning for Btrfs filesystems
done.
Warning: fsck not present, so skipping root file system
[    5.909764] EXT4-fs (sda1): mounted filesystem with ordered data mode. Opts: (null)
done.
Begin: Running /scripts/local-bottom ... done.
Begin: Running /scripts/init-bottom ... done.
[    5.968884] systemd[1]: systemd 229 running in system mode. (+PAM +AUDIT +SELINUX +IMA +APPARMOR +SMACK +SYSVINIT +UTMP +LIBCRYPTSETUP +GCRYPT +GNUTLS +ACL +XZ -LZ4 +SECCOMP +BLKID +ELFUTILS +KMOD -IDN)
[    5.972381] systemd[1]: Detected virtualization oracle.
[    5.973529] systemd[1]: Detected architecture x86-64.

Welcome to [1mUbuntu 16.04.7 LTS[0m!

[    5.976523] systemd[1]: Set hostname to <ubuntu>.
[    5.978443] systemd[1]: Initializing machine ID from random generator.
[    5.979685] systemd[1]: Installed transient /etc/machine-id file.
[    6.065728] systemd[1]: Reached target Encrypted Volumes.
[[0;32m  OK  [0m] Reached target Encrypted Volumes.
[    6.067787] systemd[1]: Listening on fsck to fsckd communication Socket.
[[0;32m  OK  [0m] Listening on fsck to fsckd communication Socket.
[    6.069924] systemd[1]: Reached target System Time Synchronized.
[[0;32m  OK  [0m] Reached target System Time Synchronized.
[    6.078588] systemd[1]: Created slice System Slice.
[[0;32m  OK  [0m] Created slice System Slice.
[    6.080324] systemd[1]: Started Forward Password Requests to Wall Directory Watch.
[[0;32m  OK  [0m] Started Forward Password Requests to Wall Directory Watch.
[    6.082922] systemd[1]: Reached target Swap.
[[0;32m  OK  [0m] Reached target Swap.
[    6.084508] systemd[1]: Listening on Journal Socket (/dev/log).
[[0;32m  OK  [0m] Listening on Journal Socket (/dev/log).
[    6.086427] systemd[1]: Started Trigger resolvconf update for networkd DNS.
[[0;32m  OK  [0m] Started Trigger resolvconf update for networkd DNS.
[    6.088100] systemd[1]: Listening on udev Kernel Socket.
[[0;32m  OK  [0m] Listening on udev Kernel Socket.
[    6.089643] systemd[1]: Listening on Journal Audit Socket.
[[0;32m  OK  [0m] Listening on Journal Audit Socket.
[    6.091045] systemd[1]: Listening on udev Control Socket.
[[0;32m  OK  [0m] Listening on udev Control Socket.
[    6.092634] systemd[1]: Created slice system-serial\x2dgetty.slice.
[[0;32m  OK  [0m] Created slice system-serial\x2dgetty.slice.
[    6.095014] systemd[1]: Set up automount Arbitrary Executable File Formats File System Automount Point.
[[0;32m  OK  [0m] Set up automount Arbitrary Executab...ats File System Automount Point.
[    6.097409] systemd[1]: Listening on /dev/initctl Compatibility Named Pipe.
[[0;32m  OK  [0m] Listening on /dev/initctl Compatibility Named Pipe.
[    6.099981] systemd[1]: Listening on Device-mapper event daemon FIFOs.
[[0;32m  OK  [0m] Listening on Device-mapper event daemon FIFOs.
[    6.102334] systemd[1]: Reached target User and Group Name Lookups.
[[0;32m  OK  [0m] Reached target User and Group Name Lookups.
[    6.104219] systemd[1]: Listening on LVM2 poll daemon socket.
[[0;32m  OK  [0m] Listening on LVM2 poll daemon socket.
[    6.106286] systemd[1]: Created slice User and Session Slice.
[[0;32m  OK  [0m] Created slice User and Session Slice.
[    6.108152] systemd[1]: Reached target Slices.
[[0;32m  OK  [0m] Reached target Slices.
[    6.109480] systemd[1]: Listening on Journal Socket.
[[0;32m  OK  [0m] Listening on Journal Socket.
[    6.121600] systemd[1]: Starting Nameserver information manager...
         Starting Nameserver information manager...
[    6.131041] systemd[1]: Starting Uncomplicated firewall...
         Starting Uncomplicated firewall...
[    6.134506] systemd[1]: Mounting POSIX Message Queue File System...
         Mounting POSIX Message Queue File System...
[    6.136670] systemd[1]: Mounting Debug File System...
         Mounting Debug File System...
[    6.139012] systemd[1]: Starting File System Check on Root Device...
         Starting File System Check on Root Device...
[    6.141062] systemd[1]: Starting Create list of required static device nodes for the current kernel...
         Starting Create list of required st... nodes for the current kernel...
[    6.150171] systemd[1]: Starting Load Kernel Modules...
         Starting Load Kernel Modules...
[    6.152376] systemd[1]: Starting Set console keymap...
[    6.158053] Loading iSCSI transport class v2.0-870.
         Starting Set console keymap...
[    6.159513] systemd[1]: Listening on Syslog Socket.
[[0;32m  OK  [0m] Listening on Syslog Socket.
[    6.175911] systemd[1]: Starting Journal Service...
         Starting Journal Service...
[    6.178532] systemd[1]: Mounting Huge Pages File System...
         Mounting Huge Pages File System...
[    6.181244] iscsi: registered transport (tcp)
[    6.185887] systemd[1]: Listening on LVM2 metadata daemon socket.
[[0;32m  OK  [0m] Listening on LVM2 metadata daemon socket.
[    6.188386] systemd[1]: Starting Monitoring of LVM2 mirrors, snapshots etc. using dmeventd or progress polling...
         Starting Monitoring of LVM2 mirrors... dmeventd or progress polling...
[    6.199849] systemd[1]: Mounted Huge Pages File System.
[[0;32m  OK  [0m] Mounted Huge Pages File System.
[    6.201539] systemd[1]: Mounted POSIX Message Queue File System.
[[0;32m  OK  [0m] Mounted POSIX Message Queue File System.
[    6.203421] systemd[1]: Mounted Debug File System.
[[0;32m  OK  [0m] Mounted Debug File System.
[    6.205424] systemd[1]: Started Journal Service.
[[0;32m  OK  [0m] Started Journal Service.
[[0;32m  OK  [0m] Started Uncomplicated firewall.
[[0;32m  OK  [0m] Started File System Check on Root Device.
[[0;32m  OK  [0m] Started Create list of required sta...ce nodes for the current kernel.
[[0;32m  OK  [0m] Started Nameserver information manager.
[[0;32m  OK  [0m] Started LVM2 metadata daemon.
[[0;32m  OK  [0m] Started File System Check Daemon to report status.
         Starting Create Static Device Nodes in /dev...
         Starting Remount Root and Kernel File Systems...
[[0;32m  OK  [0m] Started Set console keymap.
[    6.233284] EXT4-fs (sda1): re-mounted. Opts: (null)
[[0;32m  OK  [0m] Started Remount Root and Kernel File Systems.
         Starting udev Coldplug all Devices...
         Starting Load/Save Random Seed...
         Starting Flush Journal to Persistent Storage...
[[0;32m  OK  [0m] Started Load/Save Random Seed.
[    6.251615] systemd-journald[400]: Received request to flush runtime journal from PID 1
[[0;32m  OK  [0m] Started Flush Journal to Persistent Storage.
[    6.256803] iscsi: registered transport (iser)
[[0;32m  OK  [0m] Started Create Static Device Nodes in /dev.
         Starting udev Kernel Device Manager...
[[0;32m  OK  [0m] Started Load Kernel Modules.
         Mounting FUSE Control File System...
         Starting Apply Kernel Variables...
[[0;32m  OK  [0m] Mounted FUSE Control File System.
[[0;32m  OK  [0m] Started Apply Kernel Variables.
[[0;32m  OK  [0m] Started udev Kernel Device Manager.
[[0;32m  OK  [0m] Started udev Coldplug all Devices.
[[0;32m  OK  [0m] Started Dispatch Password Requests to Console Directory Watch.
[[0;32m  OK  [0m] Found device /dev/ttyS0.
[[0;32m  OK  [0m] Listening on Load/Save RF Kill Switch Status /dev/rfkill Watch.
[[0;32m  OK  [0m] Started Monitoring of LVM2 mirrors,...ng dmeventd or progress polling.
[[0;32m  OK  [0m] Reached target Local File Systems (Pre).
[[0;32m  OK  [0m] Reached target Local File Systems.
         Starting LSB: AppArmor initialization...
         Starting Tell Plymouth To Write Out Runtime Data...
         Starting Create Volatile Files and Directories...
         Starting Commit a transient machine-id on disk...
         Starting Initial cloud-init job (pre-networking)...
         Starting Set console font and keymap...
[[0;32m  OK  [0m] Started Tell Plymouth To Write Out Runtime Data.
[[0;32m  OK  [0m] Started Create Volatile Files and Directories.
[[0;32m  OK  [0m] Started Commit a transient machine-id on disk.
         Starting Update UTMP about System Boot/Shutdown...
[[0;32m  OK  [0m] Started Update UTMP about System Boot/Shutdown.
[[0;32m  OK  [0m] Started Set console font and keymap.
[[0;32m  OK  [0m] Created slice system-getty.slice.
[    8.761797] cloud-init[644]: Cloud-init v. 21.1-19-gbad84ad4-0ubuntu1~16.04.2 running 'init-local' at Sat, 30 Jul 2022 15:37:59 +0000. Up 8.35 seconds.
[[0;32m  OK  [0m] Started Initial cloud-init job (pre-networking).
[[0;32m  OK  [0m] Reached target Network (Pre).
[[0;32m  OK  [0m] Started LSB: AppArmor initialization.
         Starting Load AppArmor profiles managed internally by snapd...
         Starting Raise network interfaces...
[[0;32m  OK  [0m] Started Load AppArmor profiles managed internally by snapd.
[[0;32m  OK  [0m] Started Raise network interfaces.
[[0;32m  OK  [0m] Reached target Network.
         Starting Initial cloud-init job (metadata service crawler)...
[   11.123248] cloud-init[970]: Cloud-init v. 21.1-19-gbad84ad4-0ubuntu1~16.04.2 running 'init' at Sat, 30 Jul 2022 15:38:01 +0000. Up 9.97 seconds.
[   11.130507] cloud-init[970]: ci-info: ++++++++++++++++++++++++++++++++++++++Net device info+++++++++++++++++++++++++++++++++++++++
[   11.132828] cloud-init[970]: ci-info: +--------+-------+----------------------------+---------------+--------+-------------------+
[   11.136803] cloud-init[970]: ci-info: | Device |   Up  |          Address           |      Mask     | Scope  |     Hw-Address    |
[   11.144639] cloud-init[970]: ci-info: +--------+-------+----------------------------+---------------+--------+-------------------+
[   11.152685] cloud-init[970]: ci-info: | enp0s3 |  True |         10.0.2.15          | 255.255.255.0 | global | 02:be:82:6b:cc:1d |
[   11.161249] cloud-init[970]: ci-info: | enp0s3 |  True | fe80::be:82ff:fe6b:cc1d/64 |       .       |  link  | 02:be:82:6b:cc:1d |
[   11.163888] cloud-init[970]: ci-info: | enp0s8 | False |             .              |       .       |   .    | 08:00:27:83:62:d4 |
[   11.166271] cloud-init[970]: ci-info: |   lo   |  True |         127.0.0.1          |   255.0.0.0   |  host  |         .         |
[   11.168680] cloud-init[970]: ci-info: |   lo   |  True |          ::1/128           |       .       |  host  |         .         |
[   11.176882] cloud-init[970]: ci-info: +--------+-------+----------------------------+---------------+--------+-------------------+
[   11.179389] cloud-init[970]: ci-info: +++++++++++++++++++++++++++Route IPv4 info++++++++++++++++++++++++++++
[   11.181313] cloud-init[970]: ci-info: +-------+-------------+----------+---------------+-----------+-------+
[   11.183377] cloud-init[970]: ci-info: | Route | Destination | Gateway  |    Genmask    | Interface | Flags |
[   11.192572] cloud-init[970]: ci-info: +-------+-------------+----------+---------------+-----------+-------+
[   11.200774] cloud-init[970]: ci-info: |   0   |   0.0.0.0   | 10.0.2.2 |    0.0.0.0    |   enp0s3  |   UG  |
[   11.209072] cloud-init[970]: ci-info: |   1   |   10.0.2.0  | 0.0.0.0  | 255.255.255.0 |   enp0s3  |   U   |
[   11.216811] cloud-init[970]: ci-info: +-------+-------------+----------+---------------+-----------+-------+
[   11.224759] cloud-init[970]: ci-info: +++++++++++++++++++Route IPv6 info+++++++++++++++++++
[   11.227201] cloud-init[970]: ci-info: +-------+-------------+---------+-----------+-------+
[   11.229383] cloud-init[970]: ci-info: | Route | Destination | Gateway | Interface | Flags |
[   11.231419] cloud-init[970]: ci-info: +-------+-------------+---------+-----------+-------+
[   11.233703] cloud-init[970]: ci-info: |   0   |  fe80::/64  |    ::   |   enp0s3  |   U   |
[   11.240828] [[0;32m  OK  [0m] Started Initial cloud-init job (metadata service crawler).
[[0;32m  OK  [0m] Reached target System Initialization.
cloud-init[970]: ci-info: |   3   |   ff00::/8  |    ::   |   enp0s3  |   U   |
[   11.243388] [[0;32m  OK  [0m] Started ACPI Events Check.
[cloud-init[0;32m  OK  [0m[970]: ] ci-info: +-------+-------------+---------+-----------+-------+Reached target Paths.
[[0;32m  OK  [0m] Listening on D-Bus System Message Bus Socket.
[[0;32m  OK  [0m] Started Daily apt download activities.

[   11.247125] [[0;32m  OK  [0m] Started Daily apt upgrade and clean activities.
[[0;32m  OK  [0m] Listening on ACPID Listen Socket.
         Starting Socket activation for snappy daemon.
cloud-init[970]: Generating public/private rsa key pair.
         Starting LXD - unix socket.
[   11.250259] [[0;32m  OK  [0m] Started Message of the Day.
[[0;32m  OK  [0m] Started Ubuntu Advantage update messaging.
[[0;32m  OK  [0m] Listening on UUID daemon activation socket.
[[0;32m  OK  [0m] Started Daily Cleanup of Temporary Directories.
[[0;32m  OK  [0m] Reached target Timers.
[[0;32m  OK  [0m] Reached target Network is Online.
cloud-init[970]: Your identification has been saved in /etc/ssh/ssh_host_rsa_key.
[   11.254114] cloud-init[970]: Your public key has been saved in /etc/ssh/ssh_host_rsa_key.pub.
[   11.255126] cloud-init[970]: The key fingerprint is:
[   11.255916] cloud-init[970]: SHA256:ATppt42cnhuIBWaAwmPx1iKr/UM2KRJLfCa4RmagR4s root@ubuntu-xenial
[   11.257262] cloud-init[970]: The key's randomart image is:
[   11.258254] cloud-init[970]: +---[RSA 2048]----+
[   11.259156] cloud-init[970]: |+..   .          |
[   11.260119] cloud-init[970]: |+=o .o .         |
[   11.260935] cloud-init[970]: |B+===.. .        |
[   11.261890] cloud-init[970]: |EX*=.+ = .       |
[   11.268153]          Starting iSCSI initiator daemon (iscsid)...
[[0;32m  OK  [0m] Reached target Cloud-config availability.
[[0;32m  OK  [0m] Listening on Socket activation for snappy daemon.
[[0;32m  OK  [0m] Listening on LXD - unix socket.
[[0;32m  OK  [0m] Reached target Sockets.
[[0;32m  OK  [0m] Reached target Basic System.
[[0;32m  OK  [0m] Started Deferred execution scheduler.
         Starting /etc/rc.local Compatibility...
cloud-init[970]:          Starting Accounts Service...
         Starting LSB: Record successful boot for GRUB...
         Starting Pollinate to seed the pseudo random number generator...
         Starting Login Service...
         Starting LXD - container startup/shutdown...
         Starting Virtualbox guest utils...
|=*+ ..= S        |
         Starting System Logging Service...
[   11.282413] cloud-init[[0;32m  OK  [0m] Started D-Bus System Message Bus.
[970]: |=o.o=o .         |
[   11.287088] cloud-init[970]: |o.o+..+          |
[   11.294183] cloud-init[970]: |   ..  o         |
[   11.295711] cloud-init[970]: |    ...          |
[   11.297549] cloud-init[970]: +----[SHA256]-----+
[   11.298920] cloud-init[970]: Generating public/private dsa key pair.
[   11.300206] cloud-init[970]: Your identification has been saved in /etc/ssh/ssh_host_dsa_key.
[   11.301700] cloud-init[970]: Your public key has been saved in /etc/ssh/ssh_host_dsa_key.pub.
[   11.303445] cloud-init[970]: The key fingerprint is:
[   11.304924] cloud-init[970]: SHA256:MAXj1O0UyfT+yZydEO3QbINg20T/Zbn+C66CFlitXIQ root@ubuntu-xenial
[   11.306047] cloud-init[970]: The key's randomart image is:
[   11.306877] cloud-init[970]: +---[DSA 1024]----+
[   11.307611] cloud-init[970]: |      +oo+o=.o   |
[   11.308492] cloud-init[970]: |     o E..*.= * .|
         Starting Snap Daemon...
[[0;32m  OK  [0m] Started FUSE filesystem for LXC.
[[0;32m  OK  [0m] Started ACPI event daemon.
         Starting LSB: MD monitoring daemon...
[[0;32m  OK  [0m] Started Regular background program processing daemon.
[[0;32m  OK  [0m] Started System Logging Service.
[[0;32m  OK  [0m] Started /etc/rc.local Compatibility.
[   11.320454] cloud-init[970]: |      + oo ..= Oo|
[   11.349885] cloud-init[970]: |       + o..  =.=|
[   11.351316] cloud-init[970]: |      + S   .. o.|
[   11.362186] [[0;32m  OK  [0m] Started Login Service.
cloud-init[970]: |     . +     +o+.|
[   11.363921] cloud-init[970]: |        o    .*o.|
[   11.364949] cloud-init[970]: |       o .  . . .|
[   11.365986] cloud-init[970]: |      .   .... .o|
[   11.366957] cloud-init[970]: +----[SHA256]-----+
[   11.367927] cloud-init[970]: Generating public/private ecdsa key pair.
[   11.372476] cloud-init[970]: Your identification has been saved in /etc/ssh/ssh_host_ecdsa_key.
[   11.374310] cloud-init[970]: Your public key has been saved in /etc/ssh/ssh_host_ecdsa_key.pub.[[0;32m  OK  [0m] Started Unattended Upgrades Shutdown.
         Starting Authenticate and Authorize Users to Run Privileged Tasks...
[[0;32m  OK  [0m] Started iSCSI initiator daemon (iscsid).
         Starting Login to default iSCSI targets...

[[0;32m  OK  [0m] Started LSB: Record successful boot for GRUB.
[   11.400645] cloud-init[970]: The key fingerprint is:
[   11.403948] cloud-init[970]: SHA256:FJlNa02tUMZSXcEo6cztiLIkarjcy6RJ3s5VASTJP9c root@ubuntu-xenial
[   11.416537] cloud-init[970]: The key's randomart image is:
[   11.417776] cloud-init[970]: +---[ECDSA 256]---+[[0;32m  OK  [0m] Started LSB: MD monitoring daemon.

[   11.425524] cloud-init[970]: |  ..oo  .=.+*oooo|
[   11.430516] cloud-init[970]: |   o. . o.+B..o. |
[   11.436873] [[0;32m  OK  [0m] Started Authenticate and Authorize Users to Run Privileged Tasks.
[[0;32m  OK  [0m] Started Accounts Service.
[[0;32m  OK  [0m] Started Login to default iSCSI targets.
[[0;32m  OK  [0m] Reached target Remote File Systems (Pre).
[[0;32m  OK  [0m] Reached target Remote File Systems.
         Starting LSB: Set the CPU Frequency Scaling governor to "ondemand"...
         Starting Permit User Sessions...
         Starting LSB: automatic crash report generation...
         Starting LSB: daemon to balance interrupts for SMP systems...
[[0;32m  OK  [0m] Started Permit User Sessions.
         Starting Hold until boot process finishes up...
         Starting Terminate Plymouth Boot Screen...
[[0;32m  OK  [0m] Started Hold until boot process finishes up.
[[0;32m  OK  [0m] Started Getty on tty1.
[[0;32m  OK  [0m] Started Serial Getty on ttyS0.
[[0;32m  OK  [0m] Reached target Login Prompts.
         Starting Set console scheme...
[[0;32m  OK  [0m] Started Terminate Plymouth Boot Screen.
[[0;32m  OK  [0m] Started Set console scheme.
[[0;32m  OK  [0m] Started LXD - container startup/shutdown.
cloud-init[970]: |    .  .o *o+.   |
[   11.502459] cloud-init[970]: |     o o.E +..   |
[   11.503733] [[0;32m  OK  [0m] Started LSB: Set the CPU Frequency Scaling governor to "ondemand".
cloud-init[970]: |      o.S . o    |
[[0;32m  OK  [0m] Started Virtualbox guest utils.
[   11.506231] cloud-init[970]: |     ..o . . .   |
[   11.507659] cloud-init[970]: | .....o o        |
[   11.527154] cloud-init[970]: |+.Oo.  .         |
[   11.528492] cloud-init[970]: | *+B.            |
[   11.530223] cloud-init[970]: +----[SHA256]-----+
[   11.536343] cloud-init[970]: Generating public/private ed25519 key pair.
[   11.538341] cloud-init[970]: Your identification has been saved in /etc/ssh/ssh_host_ed25519_key.[[0;32m  OK  [0m] Started LSB: daemon to balance interrupts for SMP systems.

[   11.544505] cloud-init[970]: Your public key has been saved in /etc/ssh/ssh_host_ed25519_key.pub.[[0;32m  OK  [0m] Started LSB: automatic crash report generation.

[   11.547191] cloud-init[970]: The key fingerprint is:
[   11.548316] cloud-init[970]: SHA256:obGfhS9FVIB5CDNhOIAb23hY7tEdDyglClnTfeUQ32c root@ubuntu-xenial
[   11.550552] cloud-init[970]: The key's randomart image is:
[   11.551440] cloud-init[970]: +--[ED25519 256]--+
[   11.552942] cloud-init[970]: |.+=+.+*oo*+o.    |
[   11.568557] cloud-init[970]: |=.oo=.+o==..     |
[   11.570248] cloud-init[970]: |.X o o.=..+ . E  |
[   11.571908] cloud-init[970]: |= = . .+.+   o   |
[   11.573198] cloud-init[970]: | o .  o S o      |
[   11.574320] cloud-init[970]: |  .    . =       |
[   11.575399] cloud-init[970]: |        + .      |
[   11.580121] cloud-init[970]: |         .       |
[   11.581214] cloud-init[970]: |                 |
[   11.582164] cloud-init[970]: +----[SHA256]-----+
[[0;32m  OK  [0m] Started Snap Daemon.
         Starting Wait until snapd is fully seeded...
[[0;32m  OK  [0m] Started Pollinate to seed the pseudo random number generator.
         Starting OpenBSD Secure Shell server...
[[0;32m  OK  [0m] Started OpenBSD Secure Shell server.
[[0;32m  OK  [0m] Created slice User Slice of vagrant.
         Starting User Manager for UID 1000...
[[0;32m  OK  [0m] Started Session 1 of user vagrant.
[[0;32m  OK  [0m] Started User Manager for UID 1000.
         Stopping User Manager for UID 1000...
[[0;32m  OK  [0m] Stopped User Manager for UID 1000.
[[0;32m  OK  [0m] Removed slice User Slice of vagrant.
[[0;32m  OK  [0m] Created slice User Slice of vagrant.
         Starting User Manager for UID 1000...
[[0;32m  OK  [0m] Started Session 2 of user vagrant.
[[0;32m  OK  [0m] Started User Manager for UID 1000.

Ubuntu 16.04.7 LTS ubuntu-xenial ttyS0

ubuntu-xenial login: [   19.731053] cloud-init[1734]: Generating locales (this might take a while)...
[   21.525676] cloud-init[1734]:   en_US.UTF-8... done
[   21.527345] cloud-init[1734]: Generation complete.
[   22.005829] cloud-init[1734]: Cloud-init v. 21.1-19-gbad84ad4-0ubuntu1~16.04.2 running 'modules:config' at Sat, 30 Jul 2022 15:38:10 +0000. Up 19.51 seconds.
ci-info: no authorized SSH keys fingerprints found for user ubuntu.
<14>Jul 30 15:38:14 ec2: 
<14>Jul 30 15:38:14 ec2: #############################################################
<14>Jul 30 15:38:14 ec2: -----BEGIN SSH HOST KEY FINGERPRINTS-----
<14>Jul 30 15:38:14 ec2: 1024 SHA256:MAXj1O0UyfT+yZydEO3QbINg20T/Zbn+C66CFlitXIQ root@ubuntu-xenial (DSA)
<14>Jul 30 15:38:14 ec2: 256 SHA256:FJlNa02tUMZSXcEo6cztiLIkarjcy6RJ3s5VASTJP9c root@ubuntu-xenial (ECDSA)
<14>Jul 30 15:38:14 ec2: 256 SHA256:obGfhS9FVIB5CDNhOIAb23hY7tEdDyglClnTfeUQ32c root@ubuntu-xenial (ED25519)
<14>Jul 30 15:38:14 ec2: 2048 SHA256:ATppt42cnhuIBWaAwmPx1iKr/UM2KRJLfCa4RmagR4s root@ubuntu-xenial (RSA)
<14>Jul 30 15:38:14 ec2: -----END SSH HOST KEY FINGERPRINTS-----
<14>Jul 30 15:38:14 ec2: #############################################################
-----BEGIN SSH HOST KEY KEYS-----
ecdsa-sha2-nistp256 AAAAE2VjZHNhLXNoYTItbmlzdHAyNTYAAAAIbmlzdHAyNTYAAABBBM+T5wkOI3ox90c8tMxwt0At1t6E0gxiRnUAgUV8sugZd5fDG24agg8bPHbNzV74fwU+cbEq7RCIx+KhDch80Tc= root@ubuntu-xenial
ssh-ed25519 AAAAC3NzaC1lZDI1NTE5AAAAII5Urj0yipZlHFHaHzjkQlrIB97w9+0c1T7oKc01Xndl root@ubuntu-xenial
ssh-rsa AAAAB3NzaC1yc2EAAAADAQABAAABAQDHPTQLcUI5zRfjN407wv8VEsizNiWo7P7Y4LujlMy+5L6pdsgGOftpR/aBczCLlE1QGMG92vibNAG69AUukG88CNFX94tZWTOd7+ST9+c8ySCb7ZVzh2DcMY6SELcYAmx8k4eZaQc3KNCnwPuT1xyuljdJ9pg/lj+m7wnVOYYD1FSLhvOWFbuV230+liv/FvEQ7JvZzjgP7win0j/OJBjF+W9nmpCxG40ppuyPHMewWrCLIQC+lhvwsgwdO//hspTnTB1QoOsCN7hJH9hci0eaWZmqig/FiYZ4WhCqyfO7xdeTw2Y7IOz4e332bOuSG4r684iYMpsneONRTTITSL05 root@ubuntu-xenial
-----END SSH HOST KEY KEYS-----
[   22.918732] cloud-init[2037]: Cloud-init v. 21.1-19-gbad84ad4-0ubuntu1~16.04.2 running 'modules:final' at Sat, 30 Jul 2022 15:38:13 +0000. Up 22.65 seconds.
[   22.919085] cloud-init[2037]: ci-info: no authorized SSH keys fingerprints found for user ubuntu.
[   22.919871] cloud-init[2037]: Cloud-init v. 21.1-19-gbad84ad4-0ubuntu1~16.04.2 finished at Sat, 30 Jul 2022 15:38:14 +0000. Datasource DataSourceNoCloud [seed=/dev/sdb][dsmode=net].  Up 22.90 seconds
